2021-12-05 18:00:35,289 [INFO] Activator:177 - 


2021-12-05 18:00:35,291 [INFO] Activator:178 - !SESSION log4j initialized
2021-12-05 18:00:41,500 [INFO] McuFinderGlobals:39 - Set McuFinder mode to 2 (CubeIDE integrated)
2021-12-05 18:00:42,000 [INFO] ApplicationProperties:181 - Using Application install path: C:\ST\STM32CubeIDE_1.7.0\STM32CubeIDE\plugins\com.st.stm32cube.common.mx_6.3.0.202107141111
2021-12-05 18:00:42,014 [INFO] DbMcusXml:74 - Set database path to: C:\ST\STM32CubeIDE_1.7.0\STM32CubeIDE\plugins\com.st.stm32cube.common.mx_6.3.0.202107141111\\db\/mcu/
2021-12-05 18:00:42,019 [INFO] DbBoardsPdsc:56 - Set plugin database path to: C:\ST\STM32CubeIDE_1.7.0\STM32CubeIDE\plugins\com.st.stm32cube.common.mx_6.3.0.202107141111\\db\/plugins/boardmanager/
2021-12-05 18:00:42,020 [INFO] DbMcus:258 - Set plugin images path to: C:\ST\STM32CubeIDE_1.7.0\STM32CubeIDE\plugins\com.st.stm32cube.common.mx_6.3.0.202107141111\\db\/plugins/mcufinder/images/
2021-12-05 18:00:42,020 [INFO] DbBoards:264 - Set plugin images path to: C:\ST\STM32CubeIDE_1.7.0\STM32CubeIDE\plugins\com.st.stm32cube.common.mx_6.3.0.202107141111\\db\/plugins/mcufinder/images/
2021-12-05 18:00:42,023 [INFO] DbExamples:333 - Set plugin images path to: C:\ST\STM32CubeIDE_1.7.0\STM32CubeIDE\plugins\com.st.stm32cube.common.mx_6.3.0.202107141111\\db\/plugins/mcufinder/images/
2021-12-05 18:00:42,036 [INFO] DbMcusAds:119 - Set database path to: C:\Users\ckali\.stmcufinder\plugins\mcufinder//mcu/
2021-12-05 18:00:42,037 [INFO] DbMcusDocs:110 - Set database path to: C:\Users\ckali\.stmcufinder\plugins\mcufinder//mcu/
2021-12-05 18:00:42,040 [INFO] DbMcusJson:64 - Set database path to: C:\Users\ckali\.stmcufinder\plugins\mcufinder//mcu/
2021-12-05 18:00:42,040 [INFO] DbBoardsDocs:110 - Set database path to: C:\Users\ckali\.stmcufinder\plugins\mcufinder//mcu/
2021-12-05 18:00:42,041 [INFO] DbBoardsJson:57 - Set database path to: C:\Users\ckali\.stmcufinder\plugins\mcufinder//mcu/
2021-12-05 18:00:42,046 [INFO] CrossReferenceDbSqlite:196 - Set database path to: C:\Users\ckali\.stmcufinder\plugins\mcufinder//mcu/cs/
2021-12-05 18:00:42,049 [INFO] DbExamplesSqlite:767 - Set database path to: C:\Users\ckali\.stmcufinder\plugins\mcufinder//mcu/
2021-12-05 18:00:42,154 [INFO] RulesReader:57 - Compatibility file has been processed (242 Rules)
2021-12-05 18:00:42,267 [INFO] DbMcusXml:74 - Set database path to: C:\ST\STM32CubeIDE_1.7.0\STM32CubeIDE\plugins\com.st.stm32cube.common.mx_6.3.0.202107141111\\db\/mcu/
2021-12-05 18:00:42,268 [INFO] DbBoardsPdsc:56 - Set plugin database path to: C:\ST\STM32CubeIDE_1.7.0\STM32CubeIDE\plugins\com.st.stm32cube.common.mx_6.3.0.202107141111\\db\/plugins/boardmanager/
2021-12-05 18:00:42,268 [INFO] DbMcus:258 - Set plugin images path to: C:\ST\STM32CubeIDE_1.7.0\STM32CubeIDE\plugins\com.st.stm32cube.common.mx_6.3.0.202107141111\\db\/plugins/mcufinder/images/
2021-12-05 18:00:42,268 [INFO] DbBoards:264 - Set plugin images path to: C:\ST\STM32CubeIDE_1.7.0\STM32CubeIDE\plugins\com.st.stm32cube.common.mx_6.3.0.202107141111\\db\/plugins/mcufinder/images/
2021-12-05 18:00:42,269 [INFO] DbExamples:333 - Set plugin images path to: C:\ST\STM32CubeIDE_1.7.0\STM32CubeIDE\plugins\com.st.stm32cube.common.mx_6.3.0.202107141111\\db\/plugins/mcufinder/images/
2021-12-05 18:00:42,269 [WARN] DbFile:35 - Overriding database path with different value: C:\Users\ckali\.stmcufinder\plugins\mcufinder/ => C:\Users\ckali\.stmcufinder\plugins\mcufinder
2021-12-05 18:00:42,269 [INFO] DbMcusAds:119 - Set database path to: C:\Users\ckali\.stmcufinder\plugins\mcufinder//mcu/
2021-12-05 18:00:42,269 [WARN] DbFile:35 - Overriding database path with different value: C:\Users\ckali\.stmcufinder\plugins\mcufinder/ => C:\Users\ckali\.stmcufinder\plugins\mcufinder
2021-12-05 18:00:42,269 [INFO] DbMcusDocs:110 - Set database path to: C:\Users\ckali\.stmcufinder\plugins\mcufinder//mcu/
2021-12-05 18:00:42,269 [WARN] DbFile:35 - Overriding database path with different value: C:\Users\ckali\.stmcufinder\plugins\mcufinder/ => C:\Users\ckali\.stmcufinder\plugins\mcufinder
2021-12-05 18:00:42,269 [INFO] DbMcusJson:64 - Set database path to: C:\Users\ckali\.stmcufinder\plugins\mcufinder//mcu/
2021-12-05 18:00:42,269 [WARN] DbFile:35 - Overriding database path with different value: C:\Users\ckali\.stmcufinder\plugins\mcufinder/ => C:\Users\ckali\.stmcufinder\plugins\mcufinder
2021-12-05 18:00:42,270 [INFO] DbBoardsDocs:110 - Set database path to: C:\Users\ckali\.stmcufinder\plugins\mcufinder//mcu/
2021-12-05 18:00:42,270 [WARN] DbFile:35 - Overriding database path with different value: C:\Users\ckali\.stmcufinder\plugins\mcufinder/ => C:\Users\ckali\.stmcufinder\plugins\mcufinder
2021-12-05 18:00:42,270 [INFO] DbBoardsJson:57 - Set database path to: C:\Users\ckali\.stmcufinder\plugins\mcufinder//mcu/
2021-12-05 18:00:42,270 [WARN] DbFile:35 - Overriding database path with different value: C:\Users\ckali\.stmcufinder\plugins\mcufinder/ => C:\Users\ckali\.stmcufinder\plugins\mcufinder
2021-12-05 18:00:42,270 [WARN] DbFile:35 - Overriding database path with different value: C:\Users\ckali\.stmcufinder\plugins\mcufinder/ => C:\Users\ckali\.stmcufinder\plugins\mcufinder
2021-12-05 18:00:42,270 [INFO] CrossReferenceDbSqlite:196 - Set database path to: C:\Users\ckali\.stmcufinder\plugins\mcufinder//mcu/cs/
2021-12-05 18:00:42,270 [WARN] DbFile:35 - Overriding database path with different value: C:\Users\ckali\.stmcufinder\plugins\mcufinder/ => C:\Users\ckali\.stmcufinder\plugins\mcufinder
2021-12-05 18:00:42,270 [INFO] DbExamplesSqlite:767 - Set database path to: C:\Users\ckali\.stmcufinder\plugins\mcufinder//mcu/
2021-12-05 18:00:42,361 [INFO] MainPanel:214 - HeapMemory: 268435456
2021-12-05 18:00:42,487 [INFO] DbMcusXml:74 - Set database path to: C:\ST\STM32CubeIDE_1.7.0\STM32CubeIDE\plugins\com.st.stm32cube.common.mx_6.3.0.202107141111\\db\/mcu/
2021-12-05 18:00:42,488 [INFO] DbBoardsPdsc:56 - Set plugin database path to: C:\ST\STM32CubeIDE_1.7.0\STM32CubeIDE\plugins\com.st.stm32cube.common.mx_6.3.0.202107141111\\db\/plugins/boardmanager/
2021-12-05 18:00:42,488 [INFO] DbMcus:258 - Set plugin images path to: C:\ST\STM32CubeIDE_1.7.0\STM32CubeIDE\plugins\com.st.stm32cube.common.mx_6.3.0.202107141111\\db\/plugins/mcufinder/images/
2021-12-05 18:00:42,488 [INFO] DbBoards:264 - Set plugin images path to: C:\ST\STM32CubeIDE_1.7.0\STM32CubeIDE\plugins\com.st.stm32cube.common.mx_6.3.0.202107141111\\db\/plugins/mcufinder/images/
2021-12-05 18:00:42,488 [INFO] DbExamples:333 - Set plugin images path to: C:\ST\STM32CubeIDE_1.7.0\STM32CubeIDE\plugins\com.st.stm32cube.common.mx_6.3.0.202107141111\\db\/plugins/mcufinder/images/
2021-12-05 18:00:42,489 [WARN] DbFile:35 - Overriding database path with different value: C:\Users\ckali\.stmcufinder\plugins\mcufinder/ => C:\Users\ckali\.stmcufinder\plugins\mcufinder
2021-12-05 18:00:42,489 [INFO] DbMcusAds:119 - Set database path to: C:\Users\ckali\.stmcufinder\plugins\mcufinder//mcu/
2021-12-05 18:00:42,489 [WARN] DbFile:35 - Overriding database path with different value: C:\Users\ckali\.stmcufinder\plugins\mcufinder/ => C:\Users\ckali\.stmcufinder\plugins\mcufinder
2021-12-05 18:00:42,489 [INFO] DbMcusDocs:110 - Set database path to: C:\Users\ckali\.stmcufinder\plugins\mcufinder//mcu/
2021-12-05 18:00:42,489 [WARN] DbFile:35 - Overriding database path with different value: C:\Users\ckali\.stmcufinder\plugins\mcufinder/ => C:\Users\ckali\.stmcufinder\plugins\mcufinder
2021-12-05 18:00:42,489 [INFO] DbMcusJson:64 - Set database path to: C:\Users\ckali\.stmcufinder\plugins\mcufinder//mcu/
2021-12-05 18:00:42,489 [WARN] DbFile:35 - Overriding database path with different value: C:\Users\ckali\.stmcufinder\plugins\mcufinder/ => C:\Users\ckali\.stmcufinder\plugins\mcufinder
2021-12-05 18:00:42,490 [INFO] DbBoardsDocs:110 - Set database path to: C:\Users\ckali\.stmcufinder\plugins\mcufinder//mcu/
2021-12-05 18:00:42,490 [WARN] DbFile:35 - Overriding database path with different value: C:\Users\ckali\.stmcufinder\plugins\mcufinder/ => C:\Users\ckali\.stmcufinder\plugins\mcufinder
2021-12-05 18:00:42,490 [INFO] DbBoardsJson:57 - Set database path to: C:\Users\ckali\.stmcufinder\plugins\mcufinder//mcu/
2021-12-05 18:00:42,490 [WARN] DbFile:35 - Overriding database path with different value: C:\Users\ckali\.stmcufinder\plugins\mcufinder/ => C:\Users\ckali\.stmcufinder\plugins\mcufinder
2021-12-05 18:00:42,490 [WARN] DbFile:35 - Overriding database path with different value: C:\Users\ckali\.stmcufinder\plugins\mcufinder/ => C:\Users\ckali\.stmcufinder\plugins\mcufinder
2021-12-05 18:00:42,490 [INFO] CrossReferenceDbSqlite:196 - Set database path to: C:\Users\ckali\.stmcufinder\plugins\mcufinder//mcu/cs/
2021-12-05 18:00:42,490 [WARN] DbFile:35 - Overriding database path with different value: C:\Users\ckali\.stmcufinder\plugins\mcufinder/ => C:\Users\ckali\.stmcufinder\plugins\mcufinder
2021-12-05 18:00:42,490 [INFO] DbExamplesSqlite:767 - Set database path to: C:\Users\ckali\.stmcufinder\plugins\mcufinder//mcu/
2021-12-05 18:00:42,514 [INFO] ApplicationProperties:181 - Using Application install path: C:\ST\STM32CubeIDE_1.7.0\STM32CubeIDE\plugins\com.st.stm32cube.common.mx_6.3.0.202107141111
2021-12-05 18:00:42,515 [INFO] PluginManage:188 - Search for loadable plugins [exclusion list=, ]
2021-12-05 18:00:42,517 [INFO] PluginManage:302 - Check plugin analytics
2021-12-05 18:00:42,696 [INFO] AnalyticsPlugin:257 - Accepted Software Licenses: 
2021-12-05 18:00:42,697 [INFO] AnalyticsPlugin:259 - Accepted CMSIS Pack Licenses: 
2021-12-05 18:00:42,697 [INFO] AnalyticsPlugin:261 - Accepted Firmware Licenses: 
2021-12-05 18:00:42,700 [INFO] PluginManage:352 - Loaded plugin analytics (category:tool,tabindex:-1)
2021-12-05 18:00:42,700 [INFO] PluginManage:302 - Check plugin clock
2021-12-05 18:00:42,725 [INFO] PluginManage:352 - Loaded plugin clock (category:base,tabindex:2)
2021-12-05 18:00:42,725 [INFO] PluginManage:302 - Check plugin ddr
2021-12-05 18:00:42,728 [INFO] PluginManage:352 - Loaded plugin ddr (category:tool,tabindex:6)
2021-12-05 18:00:42,728 [INFO] PluginManage:302 - Check plugin filemanager
2021-12-05 18:00:42,933 [INFO] PluginManage:352 - Loaded plugin filemanager (category:base,tabindex:10)
2021-12-05 18:00:42,934 [INFO] PluginManage:302 - Check plugin ipmanager
2021-12-05 18:00:42,943 [INFO] PluginManage:352 - Loaded plugin ipmanager (category:base,tabindex:5)
2021-12-05 18:00:42,943 [INFO] PluginManage:302 - Check plugin pinoutandconfiguration
2021-12-05 18:00:42,960 [INFO] PluginManage:352 - Loaded plugin pinoutandconfiguration (category:base,tabindex:1)
2021-12-05 18:00:42,960 [INFO] PluginManage:302 - Check plugin pinoutconfig
2021-12-05 18:00:43,006 [INFO] PluginManage:352 - Loaded plugin pinoutconfig (category:base,tabindex:0)
2021-12-05 18:00:43,007 [INFO] PluginManage:302 - Check plugin power
2021-12-05 18:00:43,032 [INFO] PluginManage:352 - Loaded plugin power (category:power,tabindex:4)
2021-12-05 18:00:43,032 [INFO] PluginManage:302 - Check plugin projectmanager
2021-12-05 18:00:43,051 [INFO] PluginManage:352 - Loaded plugin projectmanager (category:projectmanager,tabindex:3)
2021-12-05 18:00:43,051 [INFO] PluginManage:302 - Check plugin thirdparty
2021-12-05 18:00:43,295 [WARN] IntegrityCheckThread:78 - waiting for thirdparty lock release [integrity check]
2021-12-05 18:00:43,295 [INFO] PluginManage:352 - Loaded plugin thirdparty (category:base,tabindex:-1)
2021-12-05 18:00:43,295 [INFO] PluginManage:302 - Check plugin tools
2021-12-05 18:00:43,295 [INFO] IntegrityCheckThread:80 - entering critical section [integrity check]
2021-12-05 18:00:43,297 [INFO] ThirdPartyUpdaterWithRetryManager:66 - Updater plugin not ready yet. [1/15]
2021-12-05 18:00:43,348 [INFO] PluginManage:352 - Loaded plugin tools (category:base,tabindex:7)
2021-12-05 18:00:43,348 [INFO] PluginManage:302 - Check plugin tutovideos
2021-12-05 18:00:43,690 [INFO] PluginManage:352 - Loaded plugin tutovideos (category:base,tabindex:-1)
2021-12-05 18:00:43,690 [INFO] PluginManage:302 - Check plugin updater
2021-12-05 18:00:43,705 [INFO] PluginManage:352 - Loaded plugin updater (category:base,tabindex:12)
2021-12-05 18:00:43,706 [INFO] PluginManage:275 - PluginManage : Loaded plugins [13]
2021-12-05 18:00:43,908 [INFO] PinOutPanel:1463 - setPackage(No Configuration,No Configuration)
2021-12-05 18:00:44,018 [INFO] IPUIPlugin:74 - create IPUIPlugin
2021-12-05 18:00:44,018 [INFO] PluginManager:213 - loadIPPluginJar : add adc
2021-12-05 18:00:44,055 [INFO] IPUIPlugin:74 - create IPUIPlugin
2021-12-05 18:00:44,055 [INFO] PluginManager:213 - loadIPPluginJar : add aes
2021-12-05 18:00:44,098 [INFO] IPUIPlugin:74 - create IPUIPlugin
2021-12-05 18:00:44,099 [INFO] PluginManager:213 - loadIPPluginJar : add can
2021-12-05 18:00:44,124 [INFO] IPUIPlugin:74 - create IPUIPlugin
2021-12-05 18:00:44,124 [INFO] PluginManager:213 - loadIPPluginJar : add comp
2021-12-05 18:00:44,157 [INFO] IPUIPlugin:74 - create IPUIPlugin
2021-12-05 18:00:44,157 [INFO] PluginManager:213 - loadIPPluginJar : add cryp
2021-12-05 18:00:44,189 [INFO] IPUIPlugin:74 - create IPUIPlugin
2021-12-05 18:00:44,189 [INFO] PluginManager:213 - loadIPPluginJar : add dfsdm
2021-12-05 18:00:44,204 [INFO] IPUIPlugin:74 - create IPUIPlugin
2021-12-05 18:00:44,204 [INFO] PluginManager:213 - loadIPPluginJar : add dma
2021-12-05 18:00:44,246 [INFO] IPUIPlugin:74 - create IPUIPlugin
2021-12-05 18:00:44,246 [INFO] PluginManager:213 - loadIPPluginJar : add dma3
2021-12-05 18:00:44,270 [INFO] IPUIPlugin:74 - create IPUIPlugin
2021-12-05 18:00:44,270 [INFO] PluginManager:213 - loadIPPluginJar : add fatfs
2021-12-05 18:00:44,320 [INFO] IPUIPlugin:74 - create IPUIPlugin
2021-12-05 18:00:44,320 [INFO] PluginManager:213 - loadIPPluginJar : add fmc
2021-12-05 18:00:44,334 [INFO] IPUIPlugin:74 - create IPUIPlugin
2021-12-05 18:00:44,334 [INFO] PluginManager:213 - loadIPPluginJar : add freertos
2021-12-05 18:00:44,364 [INFO] IPUIPlugin:74 - create IPUIPlugin
2021-12-05 18:00:44,365 [INFO] PluginManager:213 - loadIPPluginJar : add genericplugin
2021-12-05 18:00:44,445 [INFO] IPUIPlugin:74 - create IPUIPlugin
2021-12-05 18:00:44,445 [INFO] PluginManager:213 - loadIPPluginJar : add gfxmmu
2021-12-05 18:00:44,573 [INFO] IPUIPlugin:74 - create IPUIPlugin
2021-12-05 18:00:44,574 [INFO] PluginManager:213 - loadIPPluginJar : add gic
2021-12-05 18:00:44,586 [INFO] IPUIPlugin:74 - create IPUIPlugin
2021-12-05 18:00:44,586 [INFO] PluginManager:213 - loadIPPluginJar : add gpio
2021-12-05 18:00:44,664 [INFO] IPUIPlugin:74 - create IPUIPlugin
2021-12-05 18:00:44,664 [INFO] PluginManager:213 - loadIPPluginJar : add gtzc
2021-12-05 18:00:44,695 [INFO] IPUIPlugin:74 - create IPUIPlugin
2021-12-05 18:00:44,695 [INFO] PluginManager:213 - loadIPPluginJar : add hash
2021-12-05 18:00:44,746 [INFO] IPUIPlugin:74 - create IPUIPlugin
2021-12-05 18:00:44,746 [INFO] PluginManager:213 - loadIPPluginJar : add i2c
2021-12-05 18:00:44,787 [INFO] IPUIPlugin:74 - create IPUIPlugin
2021-12-05 18:00:44,787 [INFO] PluginManager:213 - loadIPPluginJar : add i2s
2021-12-05 18:00:44,807 [INFO] IPUIPlugin:74 - create IPUIPlugin
2021-12-05 18:00:44,807 [INFO] PluginManager:213 - loadIPPluginJar : add ipddr
2021-12-05 18:00:44,891 [INFO] IPUIPlugin:74 - create IPUIPlugin
2021-12-05 18:00:44,891 [INFO] PluginManager:213 - loadIPPluginJar : add linkedlist
2021-12-05 18:00:44,928 [INFO] IPUIPlugin:74 - create IPUIPlugin
2021-12-05 18:00:44,928 [INFO] PluginManager:213 - loadIPPluginJar : add lorawan
2021-12-05 18:00:44,964 [INFO] IPUIPlugin:74 - create IPUIPlugin
2021-12-05 18:00:44,964 [INFO] PluginManager:213 - loadIPPluginJar : add ltdc
2021-12-05 18:00:44,982 [INFO] IPUIPlugin:74 - create IPUIPlugin
2021-12-05 18:00:44,982 [INFO] PluginManager:213 - loadIPPluginJar : add mdma
2021-12-05 18:00:44,994 [INFO] IPUIPlugin:74 - create IPUIPlugin
2021-12-05 18:00:44,994 [INFO] PluginManager:213 - loadIPPluginJar : add nvic
2021-12-05 18:00:45,031 [INFO] IPUIPlugin:74 - create IPUIPlugin
2021-12-05 18:00:45,031 [INFO] PluginManager:213 - loadIPPluginJar : add opamp
2021-12-05 18:00:45,090 [INFO] IPUIPlugin:74 - create IPUIPlugin
2021-12-05 18:00:45,091 [INFO] PluginManager:213 - loadIPPluginJar : add openamp
2021-12-05 18:00:45,140 [INFO] IPUIPlugin:74 - create IPUIPlugin
2021-12-05 18:00:45,140 [INFO] PluginManager:213 - loadIPPluginJar : add pdm2pcm
2021-12-05 18:00:45,155 [INFO] IPUIPlugin:74 - create IPUIPlugin
2021-12-05 18:00:45,159 [INFO] PluginManager:213 - loadIPPluginJar : add plateformsettings
2021-12-05 18:00:45,184 [INFO] IPUIPlugin:74 - create IPUIPlugin
2021-12-05 18:00:45,184 [INFO] PluginManager:213 - loadIPPluginJar : add quadspi
2021-12-05 18:00:45,195 [INFO] IPUIPlugin:74 - create IPUIPlugin
2021-12-05 18:00:45,195 [INFO] PluginManager:213 - loadIPPluginJar : add resmgrutility
2021-12-05 18:00:45,253 [INFO] IPUIPlugin:74 - create IPUIPlugin
2021-12-05 18:00:45,253 [INFO] PluginManager:213 - loadIPPluginJar : add sai
2021-12-05 18:00:45,290 [INFO] IPUIPlugin:74 - create IPUIPlugin
2021-12-05 18:00:45,291 [INFO] PluginManager:213 - loadIPPluginJar : add spi
2021-12-05 18:00:45,344 [INFO] IPUIPlugin:74 - create IPUIPlugin
2021-12-05 18:00:45,344 [INFO] PluginManager:213 - loadIPPluginJar : add stm32_wpan
2021-12-05 18:00:45,370 [INFO] IPUIPlugin:74 - create IPUIPlugin
2021-12-05 18:00:45,370 [INFO] PluginManager:213 - loadIPPluginJar : add tim
2021-12-05 18:00:45,436 [INFO] IPUIPlugin:74 - create IPUIPlugin
2021-12-05 18:00:45,436 [INFO] PluginManager:213 - loadIPPluginJar : add touchsensing
2021-12-05 18:00:45,463 [INFO] IPUIPlugin:74 - create IPUIPlugin
2021-12-05 18:00:45,463 [INFO] PluginManager:213 - loadIPPluginJar : add tracer_emb
2021-12-05 18:00:45,491 [INFO] IPUIPlugin:74 - create IPUIPlugin
2021-12-05 18:00:45,491 [INFO] PluginManager:213 - loadIPPluginJar : add ts
2021-12-05 18:00:45,523 [INFO] IPUIPlugin:74 - create IPUIPlugin
2021-12-05 18:00:45,524 [INFO] PluginManager:213 - loadIPPluginJar : add tsc
2021-12-05 18:00:45,548 [INFO] IPUIPlugin:74 - create IPUIPlugin
2021-12-05 18:00:45,549 [INFO] PluginManager:213 - loadIPPluginJar : add ucpd
2021-12-05 18:00:45,596 [INFO] IPUIPlugin:74 - create IPUIPlugin
2021-12-05 18:00:45,596 [INFO] PluginManager:213 - loadIPPluginJar : add usart
2021-12-05 18:00:45,634 [INFO] IPUIPlugin:74 - create IPUIPlugin
2021-12-05 18:00:45,634 [INFO] PluginManager:213 - loadIPPluginJar : add usbx
2021-12-05 18:00:46,016 [FATAL] Updater:294 - Updater called before beeing initialized
2021-12-05 18:00:46,151 [FATAL] Updater:294 - Updater called before beeing initialized
2021-12-05 18:00:46,161 [INFO] DbMcusAds:47 - JSON generation date=Tue May 11 17:32:49 CEST 2021 (1620747169502)
2021-12-05 18:00:46,161 [FATAL] Updater:294 - Updater called before beeing initialized
2021-12-05 18:00:46,236 [WARN] DetailPanel:314 - Failed to get advertising image, set to default
2021-12-05 18:00:46,302 [INFO] ThirdPartyUpdaterWithRetryManager:66 - Updater plugin not ready yet. [2/15]
2021-12-05 18:00:46,348 [FATAL] Updater:294 - Updater called before beeing initialized
2021-12-05 18:00:46,350 [FATAL] Updater:294 - Updater called before beeing initialized
2021-12-05 18:00:46,350 [FATAL] Updater:294 - Updater called before beeing initialized
2021-12-05 18:00:46,351 [WARN] DetailPanel:314 - Failed to get advertising image, set to default
2021-12-05 18:00:46,352 [FATAL] Updater:294 - Updater called before beeing initialized
2021-12-05 18:00:46,425 [ERROR] Updater:1075 - MainUpdater not yet initialized. External WinMGr cannot be set.
2021-12-05 18:00:46,435 [INFO] Updater:1012 - Updater Version found : 6.3.0
2021-12-05 18:00:46,452 [INFO] ApplicationProperties:181 - Using Application install path: C:\ST\STM32CubeIDE_1.7.0\STM32CubeIDE\plugins\com.st.stm32cube.common.mx_6.3.0.202107141111
2021-12-05 18:00:46,937 [INFO] MainUpdater:2671 - connection check result : 10
2021-12-05 18:00:46,938 [INFO] MainUpdater:265 - Updater Check For Update Now.
2021-12-05 18:00:46,939 [INFO] MicroXplorer:478 - Change Database Version : DB.6.0.30
2021-12-05 18:00:47,109 [INFO] CheckServerUpdateThread:112 - End of CheckServer Thread
2021-12-05 18:00:47,184 [INFO] MainUpdater:2671 - connection check result : 10
2021-12-05 18:00:47,214 [INFO] McuFinderGlobals:52 - Set McuFinderConnectedMode to true
2021-12-05 18:00:47,342 [INFO] ServerAccessManage:362 - Download File mcusAds.json._tmp_
2021-12-05 18:00:47,461 [INFO] LoadUrlFilesThread:145 - End of LoadUrlFiles Thread
2021-12-05 18:00:47,705 [INFO] ServerAccessManage:362 - Download File mcusDocs.json._tmp_
2021-12-05 18:00:47,883 [INFO] LoadUrlFilesThread:145 - End of LoadUrlFiles Thread
2021-12-05 18:00:48,060 [INFO] ServerAccessManage:362 - Download File mcusFeaturesAndDescription.json._tmp_
2021-12-05 18:00:48,980 [INFO] LoadUrlFilesThread:145 - End of LoadUrlFiles Thread
2021-12-05 18:00:49,180 [INFO] ServerAccessManage:362 - Download File boardsDocs.json._tmp_
2021-12-05 18:00:49,311 [INFO] LoadUrlFilesThread:145 - End of LoadUrlFiles Thread
2021-12-05 18:00:49,319 [WARN] MainUpdater:1122 - Updater busy. Cannot search thirdparties
2021-12-05 18:00:49,321 [INFO] ThirdPartyUpdaterWithRetryManager:92 - Updater plugin is busy. [1/15]
2021-12-05 18:00:49,485 [INFO] ServerAccessManage:362 - Download File boards.json._tmp_
2021-12-05 18:00:49,703 [INFO] LoadUrlFilesThread:145 - End of LoadUrlFiles Thread
2021-12-05 18:00:50,190 [INFO] ServerAccessManage:362 - Download File cube-finder-db.zip
2021-12-05 18:00:51,981 [INFO] FileExtend:235 - Unzip File : cube-finder-db.zip
2021-12-05 18:00:51,981 [INFO] FileExtend:250 - Standard Zip Deflate
2021-12-05 18:00:52,335 [WARN] MainUpdater:1122 - Updater busy. Cannot search thirdparties
2021-12-05 18:00:52,335 [INFO] ThirdPartyUpdaterWithRetryManager:92 - Updater plugin is busy. [2/15]
2021-12-05 18:00:52,586 [INFO] LoadUrlFilesThread:145 - End of LoadUrlFiles Thread
2021-12-05 18:00:52,766 [INFO] ServerAccessManage:362 - Download File crdb.zip
2021-12-05 18:00:52,967 [INFO] FileExtend:235 - Unzip File : crdb.zip
2021-12-05 18:00:52,968 [INFO] FileExtend:250 - Standard Zip Deflate
2021-12-05 18:00:53,115 [INFO] LoadUrlFilesThread:145 - End of LoadUrlFiles Thread
2021-12-05 18:00:53,530 [INFO] ServerAccessManage:362 - Download File tutoVideoDB.zip
2021-12-05 18:00:53,549 [INFO] FileExtend:235 - Unzip File : tutoVideoDB.zip
2021-12-05 18:00:53,550 [INFO] FileExtend:250 - Standard Zip Deflate
2021-12-05 18:00:53,683 [INFO] LoadUrlFilesThread:145 - End of LoadUrlFiles Thread
2021-12-05 18:00:53,686 [INFO] DbMcusAds:47 - JSON generation date=Thu Sep 30 08:55:09 CEST 2021 (1632984909377)
2021-12-05 18:00:53,701 [INFO] DbMcusDocs:143 - JSON generation date=Tue Nov 16 17:17:54 CET 2021 (1637079474)
2021-12-05 18:00:53,703 [INFO] DbMcusXml:100 - Load MCU database from C:\ST\STM32CubeIDE_1.7.0\STM32CubeIDE\plugins\com.st.stm32cube.common.mx_6.3.0.202107141111\\db\/mcu/families.xml
2021-12-05 18:00:54,950 [INFO] DbMcusJson:93 - JSON generation date=Tue Nov 16 17:17:54 CET 2021 (1637079474)
2021-12-05 18:00:55,625 [WARN] PackLoader:238 - Cannot read IP mode file for STMicroelectronics.X-CUBE-BLE1.6.2.2
2021-12-05 18:00:55,649 [WARN] PackLoader:238 - Cannot read IP mode file for STMicroelectronics.X-CUBE-TOUCHGFX.4.18.0
2021-12-05 18:00:55,671 [INFO] DbMcus:175 - Found 1951 MCUs (1903 are supported by CubeMX, 1914 are visible in CubeMX)
2021-12-05 18:00:55,671 [INFO] ApiDb:251 - Load user favorites file C:\Users\ckali/.stm32cubeide/favorites.mcus.txt: 0 item(s)
2021-12-05 18:00:55,672 [INFO] ApiDb:255 - User favorites MCUs=[]
2021-12-05 18:00:55,672 [INFO] DbMcus:187 - Set 0 / 0 favorites MCUs
2021-12-05 18:00:55,739 [WARN] PackLoader:238 - Cannot read IP mode file for STMicroelectronics.X-CUBE-AZRTOS-G4.1.0.0
2021-12-05 18:00:55,802 [WARN] PackLoader:238 - Cannot read IP mode file for STMicroelectronics.X-CUBE-AZRTOS-F7.1.0.0
2021-12-05 18:00:55,971 [WARN] PackLoader:238 - Cannot read IP mode file for STMicroelectronics.X-CUBE-MEMS1.9.1.0
2021-12-05 18:00:56,307 [INFO] DbMcusDocs:79 - Found 682 MCUs documents
2021-12-05 18:00:56,310 [INFO] ApiDb:276 - Save user favorites file C:\Users\ckali/.stm32cubeide/favorites.mcus.txt: 0 item(s)
2021-12-05 18:00:56,310 [INFO] ApiDb:280 - User favorites MCUs=[]
2021-12-05 18:00:56,310 [INFO] DbMcusXml:100 - Load MCU database from C:\ST\STM32CubeIDE_1.7.0\STM32CubeIDE\plugins\com.st.stm32cube.common.mx_6.3.0.202107141111\\db\/mcu/families.xml
2021-12-05 18:00:56,618 [WARN] PackLoader:238 - Cannot read IP mode file for STMicroelectronics.X-CUBE-AZRTOS-L5.1.0.0
2021-12-05 18:00:56,663 [WARN] PackLoader:238 - Cannot read IP mode file for STMicroelectronics.X-CUBE-DISPLAY.2.0.0
2021-12-05 18:00:56,665 [INFO] ThirdParty:915 - Integrity check success = true
2021-12-05 18:00:56,665 [INFO] IntegrityCheckThread:94 - exiting critical section [integrity check]
2021-12-05 18:00:56,665 [INFO] IntegrityCheckThread:97 - End integrity checks thread
2021-12-05 18:00:57,147 [INFO] DbMcusJson:93 - JSON generation date=Tue Nov 16 17:17:54 CET 2021 (1637079474)
2021-12-05 18:00:57,839 [INFO] DbMcus:175 - Found 1951 MCUs (1903 are supported by CubeMX, 1914 are visible in CubeMX)
2021-12-05 18:00:57,840 [INFO] ApiDb:251 - Load user favorites file C:\Users\ckali/.stm32cubeide/favorites.mcus.txt: 0 item(s)
2021-12-05 18:00:57,840 [INFO] ApiDb:255 - User favorites MCUs=[]
2021-12-05 18:00:57,840 [INFO] DbMcus:187 - Set 0 / 0 favorites MCUs
2021-12-05 18:00:57,849 [INFO] DbBoardsDocs:143 - JSON generation date=Tue Nov 16 17:17:54 CET 2021 (1637079474)
2021-12-05 18:00:57,876 [INFO] DbBoardsPdsc:90 - Found 25 items
2021-12-05 18:00:57,888 [INFO] DbBoardsPdsc:90 - Found 9 items
2021-12-05 18:00:57,901 [INFO] DbBoardsPdsc:90 - Found 33 items
2021-12-05 18:00:57,910 [INFO] DbBoardsPdsc:90 - Found 1 items
2021-12-05 18:00:57,927 [INFO] DbBoardsPdsc:90 - Found 48 items
2021-12-05 18:00:57,946 [INFO] DbBoardsPdsc:90 - Found 43 items
2021-12-05 18:00:57,955 [INFO] DbBoardsPdsc:90 - Found 2 items
2021-12-05 18:00:57,966 [INFO] DbBoardsPdsc:90 - Found 5 items
2021-12-05 18:00:57,972 [WARN] DbBoardsPdsc:254 - Board STM32H7B3I-DK: unknown feature type=Audio, name=, username=Audio stereo codec with Headphone Amp (CS42L51-CNZ), n=1
2021-12-05 18:00:57,973 [WARN] DbBoardsPdsc:254 - Board STM32H735G-DK: unknown feature type=Audio, name=, username=Audio stereo codec with Headphone Amp (WM8994ECS/R), n=1
2021-12-05 18:00:57,975 [WARN] DbBoardsPdsc:254 - Board STM32H7B3I-EVAL: unknown feature type=Audio, name=, username=Multi-Channel Audio Codec (CS42L51-CNZ), n=1
2021-12-05 18:00:57,975 [WARN] DbBoardsPdsc:254 - Board STM32H7B3I-EVAL: unknown feature type=Meter, name=, username=Power-metering and Temperature-monitoring with sigma-delta modulators, n=1
2021-12-05 18:00:57,975 [WARN] DbBoardsPdsc:254 - Board STM32H7B3I-EVAL: unknown feature type=Motor, name=, username=Motor Control, n=1
2021-12-05 18:00:57,976 [WARN] DbBoardsPdsc:254 - Board STM32U575I-EV: unknown feature type=joystick, name=, username=4-direction joystick with selection button, n=1
2021-12-05 18:00:58,000 [INFO] DbBoardsJson:86 - JSON generation date=Tue Nov 16 17:17:54 CET 2021 (1637079474)
2021-12-05 18:00:58,006 [INFO] DbBoards:117 - Found 167 boards (163 are supported by CubeMX)
2021-12-05 18:00:58,009 [INFO] DbBoardsDocs:143 - JSON generation date=Tue Nov 16 17:17:54 CET 2021 (1637079474)
2021-12-05 18:00:58,014 [INFO] DbBoardsDocs:79 - Found 209 boards documents
2021-12-05 18:00:58,016 [WARN] DbBoards:127 - board B-L475E-IOT01A2 has no document id list !
2021-12-05 18:00:58,017 [WARN] DbBoards:127 - board NUCLEO-H743ZI has no document id list !
2021-12-05 18:00:58,018 [WARN] DbBoards:127 - board NUCLEO-WL55JC2 has no document id list !
2021-12-05 18:00:58,018 [WARN] DbBoards:127 - board P-NUCLEO-WB55-Nucleo has no document id list !
2021-12-05 18:00:58,018 [WARN] DbBoards:127 - board P-NUCLEO-WB55-USBDongle has no document id list !
2021-12-05 18:00:58,018 [WARN] DbBoards:127 - board STEVAL-BFA001V1B has no document id list !
2021-12-05 18:00:58,018 [WARN] DbBoards:127 - board STEVAL-BFA001V2B has no document id list !
2021-12-05 18:00:58,018 [WARN] DbBoards:127 - board STEVAL-IDP005V1 has no document id list !
2021-12-05 18:00:58,019 [WARN] DbBoards:127 - board STEVAL-IDP005V2 has no document id list !
2021-12-05 18:00:58,019 [WARN] DbBoards:127 - board STEVAL-MKSBOX1V1 has no document id list !
2021-12-05 18:00:58,019 [WARN] DbBoards:127 - board STEVAL-STWINKT1 has no document id list !
2021-12-05 18:00:58,019 [WARN] DbBoards:127 - board STEVAL-STWINKT1B has no document id list !
2021-12-05 18:00:58,019 [WARN] DbBoards:127 - board STM32439I-EVAL2 has no document id list !
2021-12-05 18:00:58,019 [WARN] DbBoards:127 - board STM32F401C-DISCO has no document id list !
2021-12-05 18:00:58,019 [WARN] DbBoards:127 - board STM32F769I-DISC1 has no document id list !
2021-12-05 18:00:58,020 [WARN] DbBoards:127 - board STM32G474E-EVAL1 has no document id list !
2021-12-05 18:00:58,020 [WARN] DbBoards:127 - board STM32H743I-EVAL2 has no document id list !
2021-12-05 18:00:58,020 [WARN] DbBoards:127 - board STM32H747I-DISC1 has no document id list !
2021-12-05 18:00:58,020 [WARN] DbBoards:127 - board STM32H753I-EVAL2 has no document id list !
2021-12-05 18:00:58,020 [WARN] DbBoards:127 - board STM32L-DISCOVERY has no document id list !
2021-12-05 18:00:58,232 [ERROR] DbBoards:189 - Image file not found for board B-U585I-IOT02A: C:\ST\STM32CubeIDE_1.7.0\STM32CubeIDE\plugins\com.st.stm32cube.common.mx_6.3.0.202107141111\\db\/plugins/mcufinder/images/boards/B-U585I-IOT02A_small.jpg
2021-12-05 18:00:58,374 [ERROR] DbBoards:189 - Image file not found for board NUCLEO-F413ZH: C:\ST\STM32CubeIDE_1.7.0\STM32CubeIDE\plugins\com.st.stm32cube.common.mx_6.3.0.202107141111\\db\/plugins/mcufinder/images/boards/nucleo-f413zh_small.jpg
2021-12-05 18:00:58,605 [ERROR] DbBoards:189 - Image file not found for board NUCLEO-L552ZE-Q: C:\ST\STM32CubeIDE_1.7.0\STM32CubeIDE\plugins\com.st.stm32cube.common.mx_6.3.0.202107141111\\db\/plugins/mcufinder/images/boards/nucleo_l552ze_q_small.jpg
2021-12-05 18:00:58,605 [ERROR] DbBoards:189 - Image file not found for board NUCLEO-U575ZI-Q: C:\ST\STM32CubeIDE_1.7.0\STM32CubeIDE\plugins\com.st.stm32cube.common.mx_6.3.0.202107141111\\db\/plugins/mcufinder/images/boards/nucleo-u575zi-q_small.jpg
2021-12-05 18:00:58,606 [ERROR] DbBoards:189 - Image file not found for board NUCLEO-WB15CC: C:\ST\STM32CubeIDE_1.7.0\STM32CubeIDE\plugins\com.st.stm32cube.common.mx_6.3.0.202107141111\\db\/plugins/mcufinder/images/boards/nucleo-wb15cc_small.jpg
2021-12-05 18:00:58,606 [ERROR] DbBoards:189 - Image file not found for board NUCLEO-WB55RG: C:\ST\STM32CubeIDE_1.7.0\STM32CubeIDE\plugins\com.st.stm32cube.common.mx_6.3.0.202107141111\\db\/plugins/mcufinder/images/boards/nucleo-wb55rg_small.jpg
2021-12-05 18:01:00,707 [INFO] ApiDb:251 - Load user favorites file C:\Users\ckali/.stm32cubeide/favorites.boards.txt: 0 item(s)
2021-12-05 18:01:00,708 [INFO] ApiDb:255 - User favorites Boards=[]
2021-12-05 18:01:00,708 [INFO] DbBoards:206 - Set 0 / 0 favorites Boards
2021-12-05 18:01:00,711 [INFO] DbBoardsDocs:79 - Found 418 boards documents
2021-12-05 18:01:00,712 [INFO] ApiDb:276 - Save user favorites file C:\Users\ckali/.stm32cubeide/favorites.boards.txt: 0 item(s)
2021-12-05 18:01:00,712 [INFO] ApiDb:280 - User favorites Boards=[]
2021-12-05 18:01:00,716 [INFO] DbBoardsPdsc:90 - Found 25 items
2021-12-05 18:01:00,718 [INFO] DbBoardsPdsc:90 - Found 9 items
2021-12-05 18:01:00,721 [INFO] DbBoardsPdsc:90 - Found 33 items
2021-12-05 18:01:00,723 [INFO] DbBoardsPdsc:90 - Found 1 items
2021-12-05 18:01:00,728 [INFO] DbBoardsPdsc:90 - Found 48 items
2021-12-05 18:01:00,734 [INFO] DbBoardsPdsc:90 - Found 43 items
2021-12-05 18:01:00,736 [INFO] DbBoardsPdsc:90 - Found 2 items
2021-12-05 18:01:00,737 [INFO] DbBoardsPdsc:90 - Found 5 items
2021-12-05 18:01:00,739 [WARN] DbBoardsPdsc:254 - Board STM32H7B3I-DK: unknown feature type=Audio, name=, username=Audio stereo codec with Headphone Amp (CS42L51-CNZ), n=1
2021-12-05 18:01:00,740 [WARN] DbBoardsPdsc:254 - Board STM32H735G-DK: unknown feature type=Audio, name=, username=Audio stereo codec with Headphone Amp (WM8994ECS/R), n=1
2021-12-05 18:01:00,741 [WARN] DbBoardsPdsc:254 - Board STM32H7B3I-EVAL: unknown feature type=Audio, name=, username=Multi-Channel Audio Codec (CS42L51-CNZ), n=1
2021-12-05 18:01:00,741 [WARN] DbBoardsPdsc:254 - Board STM32H7B3I-EVAL: unknown feature type=Meter, name=, username=Power-metering and Temperature-monitoring with sigma-delta modulators, n=1
2021-12-05 18:01:00,741 [WARN] DbBoardsPdsc:254 - Board STM32H7B3I-EVAL: unknown feature type=Motor, name=, username=Motor Control, n=1
2021-12-05 18:01:00,742 [WARN] DbBoardsPdsc:254 - Board STM32U575I-EV: unknown feature type=joystick, name=, username=4-direction joystick with selection button, n=1
2021-12-05 18:01:00,761 [INFO] DbBoardsJson:86 - JSON generation date=Tue Nov 16 17:17:54 CET 2021 (1637079474)
2021-12-05 18:01:00,765 [INFO] DbBoards:117 - Found 167 boards (163 are supported by CubeMX)
2021-12-05 18:01:00,765 [WARN] DbBoards:127 - board B-L475E-IOT01A2 has no document id list !
2021-12-05 18:01:00,766 [WARN] DbBoards:127 - board NUCLEO-H743ZI has no document id list !
2021-12-05 18:01:00,767 [WARN] DbBoards:127 - board NUCLEO-WL55JC2 has no document id list !
2021-12-05 18:01:00,767 [WARN] DbBoards:127 - board P-NUCLEO-WB55-Nucleo has no document id list !
2021-12-05 18:01:00,767 [WARN] DbBoards:127 - board P-NUCLEO-WB55-USBDongle has no document id list !
2021-12-05 18:01:00,767 [WARN] DbBoards:127 - board STEVAL-BFA001V1B has no document id list !
2021-12-05 18:01:00,767 [WARN] DbBoards:127 - board STEVAL-BFA001V2B has no document id list !
2021-12-05 18:01:00,767 [WARN] DbBoards:127 - board STEVAL-IDP005V1 has no document id list !
2021-12-05 18:01:00,767 [WARN] DbBoards:127 - board STEVAL-IDP005V2 has no document id list !
2021-12-05 18:01:00,767 [WARN] DbBoards:127 - board STEVAL-MKSBOX1V1 has no document id list !
2021-12-05 18:01:00,767 [WARN] DbBoards:127 - board STEVAL-STWINKT1 has no document id list !
2021-12-05 18:01:00,767 [WARN] DbBoards:127 - board STEVAL-STWINKT1B has no document id list !
2021-12-05 18:01:00,767 [WARN] DbBoards:127 - board STM32439I-EVAL2 has no document id list !
2021-12-05 18:01:00,767 [WARN] DbBoards:127 - board STM32F401C-DISCO has no document id list !
2021-12-05 18:01:00,768 [WARN] DbBoards:127 - board STM32F769I-DISC1 has no document id list !
2021-12-05 18:01:00,768 [WARN] DbBoards:127 - board STM32G474E-EVAL1 has no document id list !
2021-12-05 18:01:00,768 [WARN] DbBoards:127 - board STM32H743I-EVAL2 has no document id list !
2021-12-05 18:01:00,768 [WARN] DbBoards:127 - board STM32H747I-DISC1 has no document id list !
2021-12-05 18:01:00,768 [WARN] DbBoards:127 - board STM32H753I-EVAL2 has no document id list !
2021-12-05 18:01:00,768 [WARN] DbBoards:127 - board STM32L-DISCOVERY has no document id list !
2021-12-05 18:01:00,866 [ERROR] DbBoards:189 - Image file not found for board B-U585I-IOT02A: C:\ST\STM32CubeIDE_1.7.0\STM32CubeIDE\plugins\com.st.stm32cube.common.mx_6.3.0.202107141111\\db\/plugins/mcufinder/images/boards/B-U585I-IOT02A_small.jpg
2021-12-05 18:01:00,963 [ERROR] DbBoards:189 - Image file not found for board NUCLEO-F413ZH: C:\ST\STM32CubeIDE_1.7.0\STM32CubeIDE\plugins\com.st.stm32cube.common.mx_6.3.0.202107141111\\db\/plugins/mcufinder/images/boards/nucleo-f413zh_small.jpg
2021-12-05 18:01:01,177 [ERROR] DbBoards:189 - Image file not found for board NUCLEO-L552ZE-Q: C:\ST\STM32CubeIDE_1.7.0\STM32CubeIDE\plugins\com.st.stm32cube.common.mx_6.3.0.202107141111\\db\/plugins/mcufinder/images/boards/nucleo_l552ze_q_small.jpg
2021-12-05 18:01:01,178 [ERROR] DbBoards:189 - Image file not found for board NUCLEO-U575ZI-Q: C:\ST\STM32CubeIDE_1.7.0\STM32CubeIDE\plugins\com.st.stm32cube.common.mx_6.3.0.202107141111\\db\/plugins/mcufinder/images/boards/nucleo-u575zi-q_small.jpg
2021-12-05 18:01:01,178 [ERROR] DbBoards:189 - Image file not found for board NUCLEO-WB15CC: C:\ST\STM32CubeIDE_1.7.0\STM32CubeIDE\plugins\com.st.stm32cube.common.mx_6.3.0.202107141111\\db\/plugins/mcufinder/images/boards/nucleo-wb15cc_small.jpg
2021-12-05 18:01:01,178 [ERROR] DbBoards:189 - Image file not found for board NUCLEO-WB55RG: C:\ST\STM32CubeIDE_1.7.0\STM32CubeIDE\plugins\com.st.stm32cube.common.mx_6.3.0.202107141111\\db\/plugins/mcufinder/images/boards/nucleo-wb55rg_small.jpg
2021-12-05 18:01:02,078 [INFO] ApiDb:251 - Load user favorites file C:\Users\ckali/.stm32cubeide/favorites.boards.txt: 0 item(s)
2021-12-05 18:01:02,078 [INFO] ApiDb:255 - User favorites Boards=[]
2021-12-05 18:01:02,078 [INFO] DbBoards:206 - Set 0 / 0 favorites Boards
2021-12-05 18:01:02,299 [INFO] ServerAccessManage:362 - Download File 
2021-12-05 18:01:02,329 [INFO] LoadUrlFilesThread:172 - End of LoadServerUrlFiles without Thread
2021-12-05 18:01:02,329 [INFO] TargetSelectorAdapter:224 - Refresh data is successful
2021-12-05 18:01:02,505 [INFO] ApiDb:479 - Connected to CubeFinder SQLite database (C:\Users\ckali\.stmcufinder\plugins\mcufinder\mcu\cube-finder-db.db)
2021-12-05 18:01:03,300 [INFO] DbExamplesSqlite:411 - Ignored 16 examples not supported by CubeIDE
2021-12-05 18:01:03,300 [INFO] DbExamplesSqlite:412 - Found 5811 examples active
2021-12-05 18:01:03,300 [INFO] DbExamplesSqlite:413 - Found 0 examples obsolete
2021-12-05 18:01:03,300 [INFO] DbExamplesSqlite:414 - Found 0 examples under development
2021-12-05 18:01:03,300 [INFO] DbExamplesSqlite:415 - Found 83 examples not building
2021-12-05 18:01:03,329 [INFO] DbExamplesSqlite:108 - CubeFinder database Data Model version=2.1
2021-12-05 18:01:03,329 [INFO] DbExamplesSqlite:109 - CubeFinder database Configuration version=3.0.14
2021-12-05 18:01:03,329 [INFO] DbExamplesSqlite:110 - CubeFinder database generation date=2021-10-26 (1635247417)
2021-12-05 18:01:03,329 [INFO] DbExamplesSqlite:111 - CubeFinder database FW Pack versions=[STM32Cube_FW_F4_V1.26.2, STM32Cube_FW_F7_V1.16.1, STM32Cube_FW_G0_V1.5.0, STM32Cube_FW_G4_V1.4.0, STM32Cube_FW_H7_V1.9.0, STM32Cube_FW_L5_V1.4.0, STM32Cube_FW_U5_V1.0.2, STM32Cube_FW_WB_V1.12.1, STM32Cube_FW_WL_V1.1.0, X-CUBE-ALS_V1.0.1, X-CUBE-AZRTOS-F4_V1.0.0, X-CUBE-AZRTOS-H7_V2.0.0, X-CUBE-AZRTOS-L4_V1.0.0, X-CUBE-BLE1_V6.2.1, X-CUBE-BLE2_V3.2.1, X-CUBE-EEPRMA1_V3.1.0, X-CUBE-GNSS1_V5.2.0, X-CUBE-NFC4_V2.0.3, X-CUBE-SFXS2LP1_V3.1.0, X-CUBE-SUBG2_V4.2.0]
2021-12-05 18:01:03,330 [INFO] DbExamples:130 - Found 5878 examples
2021-12-05 18:01:04,222 [ERROR] DbExamples:206 - Found 5878 examples with invalid data (board or MCU)
2021-12-05 18:01:04,222 [INFO] DbExamples:222 - Found 74 boards with related examples
2021-12-05 18:01:04,223 [INFO] DbExamples:235 - Found 0 MCUs with related examples
2021-12-05 18:01:04,244 [INFO] ApiDb:242 - User favorites file not found: C:\Users\ckali/.stm32cubeide/favorites.examples.txt
2021-12-05 18:01:04,245 [INFO] DbExamples:256 - Set 0 / 0 favorites Examples
2021-12-05 18:01:04,681 [INFO] McuFinderGlobals:52 - Set McuFinderConnectedMode to false
2021-12-05 18:01:04,794 [INFO] CrossSelectorPresenter:1330 - Cross Selector saved comparison directory: C:\Users\ckali\.stmcufinder\plugins\mcufinder\mcu\cs_comparisons_mx
2021-12-05 18:01:04,802 [INFO] MultiScanPanel:197 - Auto-refresh data requested => check proxy status ongoing
2021-12-05 18:01:04,802 [INFO] MultiScanPanel:201 - Proxy status is invalid
2021-12-05 18:01:04,805 [INFO] FinderPluginLoader:87 - Searching for filters in installed packs
2021-12-05 18:01:05,349 [INFO] DetailPanel:309 - Set advertising image to C:/Users/ckali/STM32Cube/Repository/\en.Prom_NBSTM32U50921.jpg
2021-12-05 18:01:09,159 [INFO] MultiScanPanel:197 - Auto-refresh data requested => check proxy status ongoing
2021-12-05 18:01:09,159 [INFO] MultiScanPanel:201 - Proxy status is invalid
2021-12-05 18:01:09,246 [INFO] DetailPanel:309 - Set advertising image to C:/Users/ckali/STM32Cube/Repository/\en.Prom_NBSTM32U50921.jpg
2021-12-05 18:01:22,386 [INFO] BoardResultTable:551 - Mark Board STM32F407G-DISC1 as favorite
2021-12-05 18:02:41,733 [INFO] MainUpdater:2671 - connection check result : 10
2021-12-05 18:02:41,734 [INFO] MainUpdater:2671 - connection check result : 10
2021-12-05 18:02:41,818 [INFO] MicroXplorer:448 - Change Database Path : 
2021-12-05 18:02:41,818 [INFO] MicroXplorer:478 - Change Database Version : DB.6.0.30
2021-12-05 18:02:41,818 [WARN] ThirdParty:813 - waiting for thirdparty lock release [close project]
2021-12-05 18:02:41,818 [INFO] ThirdParty:815 - entering critical section [close project]
2021-12-05 18:02:41,820 [INFO] ThirdParty:825 - exiting critical section [close project]
2021-12-05 18:02:41,829 [INFO] PinOutPanel:1463 - setPackage(No Configuration,No Configuration)
2021-12-05 18:02:41,830 [INFO] UtilMem:74 - Begin LoadConfig() Used Memory: 605309184 Bytes (635437056)
2021-12-05 18:02:41,832 [INFO] OpenFileManager:313 - Change cursor
2021-12-05 18:02:44,357 [INFO] Context:592 - Trying to add GPIOservice into a context  which must be forbidden
2021-12-05 18:02:44,887 [INFO] Rule:220 - rule Rename SubGHz_Phy SUBGHZ_APPLICATION SUBGHZ_PINGPONG to SUBGHZ_ADV_APPLICATION is applicable
2021-12-05 18:02:44,887 [INFO] Rule:220 - rule Rename Enabled to IBEACON is applicable
2021-12-05 18:02:44,888 [INFO] Rule:220 - rule GTZC_S instance for project manager is applicable
2021-12-05 18:02:44,888 [INFO] Rule:220 - rule GTZC_S instance for context M33S is applicable
2021-12-05 18:02:44,888 [INFO] Rule:220 - rule GTZC_S instance value for IP GTZC is applicable
2021-12-05 18:02:44,888 [INFO] Rule:220 - rule GTZC_S instance for mcu.IP is applicable
2021-12-05 18:02:44,888 [INFO] Rule:220 - rule GTZC_S instance for VP is applicable
2021-12-05 18:02:44,888 [INFO] Rule:220 - rule GTZC_S instance for signal is applicable
2021-12-05 18:02:44,888 [INFO] Rule:220 - rule GTZC_S instance for mcu.Pin is applicable
2021-12-05 18:02:44,888 [INFO] Rule:220 - rule GTZC_S instance for VP is applicable
2021-12-05 18:02:44,888 [INFO] Rule:220 - rule GTZC_S instance for signal is applicable
2021-12-05 18:02:44,888 [INFO] Rule:220 - rule GTZC_S instance for mcu is applicable
2021-12-05 18:02:44,888 [INFO] Rule:220 - rule GTZC_S instance for mcu.Pin is applicable
2021-12-05 18:02:44,889 [INFO] Rule:220 - rule GTZC_S instance value for IP GTZC is applicable
2021-12-05 18:02:44,889 [INFO] Rule:220 - rule GTZC_S instance for project manager is applicable
2021-12-05 18:02:44,889 [INFO] Rule:220 - rule GTZC_S instance for context M33S is applicable
2021-12-05 18:02:44,889 [INFO] Rule:220 - rule GTZC_S instance for VP is applicable
2021-12-05 18:02:44,889 [INFO] Rule:220 - rule GTZC_S instance for signal is applicable
2021-12-05 18:02:44,889 [INFO] Rule:220 - rule SPDIFRX instance for mcu is applicable
2021-12-05 18:02:44,889 [INFO] Rule:220 - rule Rename Tracer Mode is applicable
2021-12-05 18:02:44,889 [INFO] Rule:220 - rule SPDIFRX instance value for IP SPDIFRX is applicable
2021-12-05 18:02:44,889 [INFO] Rule:220 - rule SPDIFRX instance for signal is applicable
2021-12-05 18:02:44,889 [INFO] Rule:220 - rule SPDIFRX instance for project manager is applicable
2021-12-05 18:02:44,889 [INFO] Rule:220 - rule SPDIFRX instance for project manager is applicable
2021-12-05 18:02:44,889 [INFO] Rule:220 - rule ADC Scan  fix with FW F7 is applicable
2021-12-05 18:02:44,889 [INFO] Rule:220 - rule ADC Scan  fix with FW F7 is applicable
2021-12-05 18:02:44,890 [INFO] Rule:220 - rule Add RTC Activate Clock Source is applicable
2021-12-05 18:02:44,890 [INFO] Rule:220 - rule Add RTC Activate Calendar 1 is applicable
2021-12-05 18:02:44,890 [INFO] Rule:220 - rule Add RTC Activate Calendar 2 is applicable
2021-12-05 18:02:44,890 [INFO] Rule:220 - rule Add RTC Activate Calendar 3 is applicable
2021-12-05 18:02:44,890 [INFO] Rule:220 - rule UART/USART TX Mode is applicable
2021-12-05 18:02:44,890 [INFO] Rule:220 - rule UART/USART RX Mode is applicable
2021-12-05 18:02:44,890 [INFO] Rule:220 - rule UART/USART RX TX Mode is applicable
2021-12-05 18:02:44,890 [INFO] Rule:220 - rule UART/USART PARITY NONE is applicable
2021-12-05 18:02:44,890 [INFO] Rule:220 - rule UART/USART PARITY EVEN is applicable
2021-12-05 18:02:44,890 [INFO] Rule:220 - rule UART/USART PARITY ODD is applicable
2021-12-05 18:02:44,890 [INFO] Rule:220 - rule USART StopBits 1 is applicable
2021-12-05 18:02:44,890 [INFO] Rule:220 - rule USART StopBits 2 is applicable
2021-12-05 18:02:44,891 [INFO] Rule:220 - rule USART StopBits 1.5 is applicable
2021-12-05 18:02:44,891 [INFO] Rule:220 - rule USART StopBits 0.5 is applicable
2021-12-05 18:02:44,891 [INFO] Rule:220 - rule UART/USART WORD LENGTH 7 is applicable
2021-12-05 18:02:44,891 [INFO] Rule:220 - rule UART/USART WORD LENGTH 8 is applicable
2021-12-05 18:02:44,891 [INFO] Rule:220 - rule UART/USART WORD LENGTH 9 is applicable
2021-12-05 18:02:44,891 [INFO] Rule:220 - rule Rename FMC NAND NCE signal is applicable
2021-12-05 18:02:44,891 [INFO] Rule:220 - rule Rename FMC NAND INT signal is applicable
2021-12-05 18:02:44,891 [INFO] Rule:220 - rule Change Default Value for ADC Clock Prescaler G0 family is applicable
2021-12-05 18:02:44,891 [INFO] Rule:220 - rule Change Default Value for ADC ExternalTrigConv L4 family is applicable
2021-12-05 18:02:44,891 [INFO] Rule:220 - rule Change Default Value for ADC ExternalTrigInjecConv L4 family is applicable
2021-12-05 18:02:44,891 [INFO] Rule:220 - rule Change Default Value for ADC ExternalTrigConv F3 family is applicable
2021-12-05 18:02:44,891 [INFO] Rule:220 - rule Change Default Value for ADC ExternalTrigInjecConv F3 family is applicable
2021-12-05 18:02:44,891 [INFO] Rule:220 - rule Change Default Value for ADC ExternalTrigConv Goldfish serie is applicable
2021-12-05 18:02:44,892 [INFO] Rule:220 - rule Change Default Value for ADC ExternalTrigInjecConv Goldfish serie is applicable
2021-12-05 18:02:44,892 [INFO] Rule:220 - rule Change Default Value for ADC ExternalTrigConv L0 family is applicable
2021-12-05 18:02:44,892 [INFO] Rule:220 - rule Change Default Value for ADC ExternalTrigConv F0 family is applicable
2021-12-05 18:02:44,892 [INFO] Rule:220 - rule Change Default Value for ADC ExternalTrigConvn L1 family is applicable
2021-12-05 18:02:44,892 [INFO] Rule:220 - rule Change Default Value for ADC ExternalTrigInjecConv L1 family is applicable
2021-12-05 18:02:44,892 [INFO] Rule:220 - rule Change Default Value for ADC ExternalTrigConv F1 family is applicable
2021-12-05 18:02:44,892 [INFO] Rule:220 - rule Change Default Value for ADC ExternalTrigInjecConv F1 family is applicable
2021-12-05 18:02:44,892 [INFO] Rule:220 - rule Change Default Value for ADC ExternalTrigConv F7 family is applicable
2021-12-05 18:02:44,892 [INFO] Rule:220 - rule Change Default Value for ADC ExternalTrigInjecConv F7 family is applicable
2021-12-05 18:02:44,892 [INFO] Rule:220 - rule Change Default Value for ADC ExternalTrigConv F4 and F2 family is applicable
2021-12-05 18:02:44,892 [INFO] Rule:220 - rule Change Default Value for ADC ExternalTrigInjecConv F4 and F2 family is applicable
2021-12-05 18:02:44,892 [INFO] Rule:220 - rule ADC SamplingTime fix with FW L0  is applicable
2021-12-05 18:02:44,892 [INFO] Rule:220 - rule ADC SamplingTime fix with FW L0  is applicable
2021-12-05 18:02:44,893 [INFO] Rule:220 - rule ADC SamplingTime fix with FW L0 is applicable
2021-12-05 18:02:44,893 [INFO] Rule:220 - rule ADC SamplingTime fix with FW L0 is applicable
2021-12-05 18:02:44,893 [INFO] Rule:220 - rule ADC SamplingTime fix with FW L0  is applicable
2021-12-05 18:02:44,893 [INFO] Rule:220 - rule ADC SamplingTime fix with FW L0 is applicable
2021-12-05 18:02:44,893 [INFO] Rule:220 - rule Rename USB_OE Signal is applicable
2021-12-05 18:02:44,893 [INFO] Rule:220 - rule Rename Activate_OE Mode is applicable
2021-12-05 18:02:44,893 [INFO] Rule:220 - rule Rename DIE462/DIE415 pin PC14/OSC32_IN -> PC14-OSC32_IN (PC14) is applicable
2021-12-05 18:02:44,893 [INFO] Rule:220 - rule Rename DIE462/DIE415 pin PC15/OSC32_OUT -> PC15-OSC32_OUT (PC15) is applicable
2021-12-05 18:02:44,893 [INFO] Rule:220 - rule Rename DIE462/DIE415 pin PH0/OSC_IN -> PH0-OSC_IN (PH0) is applicable
2021-12-05 18:02:44,893 [INFO] Rule:220 - rule Rename DIE462/DIE415 pin PH1/OSC_OUT -> PH1-OSC_OUT (PH1) is applicable
2021-12-05 18:02:44,893 [INFO] Rule:220 - rule Rename DIE462 pin PA13 -> PA13 (JTMS/SWDIO) is applicable
2021-12-05 18:02:44,893 [INFO] Rule:220 - rule Rename DIE415 pin PA13 -> PA13 (JTMS/SWDIO) is applicable
2021-12-05 18:02:44,893 [INFO] Rule:220 - rule Rename DIE462 pin PA14 -> PA14 (JTCK/SWCLK) is applicable
2021-12-05 18:02:44,893 [INFO] Rule:220 - rule Rename DIE415 pin PA14 -> PA14 (JTCK/SWCLK) is applicable
2021-12-05 18:02:44,894 [INFO] Rule:220 - rule Rename DIE462/DIE415 pin PA15 -> PA15 (JTDI) is applicable
2021-12-05 18:02:44,894 [INFO] Rule:220 - rule Rename DIE462 pin PB3 -> PB3 (JTD0/TRACESWO) is applicable
2021-12-05 18:02:44,894 [INFO] Rule:220 - rule Rename DIE415 pin PB3 -> PB3 (JTD0-TRACESWO) is applicable
2021-12-05 18:02:44,894 [INFO] Rule:220 - rule Rename DIE462/DIE415 pin PB4 -> PB4 (NJTRST) is applicable
2021-12-05 18:02:44,894 [INFO] Rule:220 - rule Rename DIE462 pin PH3/BOOT0 -> PH3-BOOT0 (BOOT0) is applicable
2021-12-05 18:02:44,894 [INFO] Rule:220 - rule Rename CRYP DataEncryptionTypesList to Algorithm is applicable
2021-12-05 18:02:44,894 [INFO] Rule:220 - rule Rename AES DataEncryptionTypesList to Algorithm is applicable
2021-12-05 18:02:44,894 [INFO] Rule:220 - rule Rename TDESECB to CRYP_TDES_ECB is applicable
2021-12-05 18:02:44,894 [INFO] Rule:220 - rule Rename TDESCBC to CRYP_TDES_CBC is applicable
2021-12-05 18:02:44,894 [INFO] Rule:220 - rule Rename DESECB to CRYP_DES_ECB is applicable
2021-12-05 18:02:44,894 [INFO] Rule:220 - rule Rename DESCBC to CRYP_DES_CBC is applicable
2021-12-05 18:02:44,894 [INFO] Rule:220 - rule Rename AESECB to CRYP_AES_ECB is applicable
2021-12-05 18:02:44,894 [INFO] Rule:220 - rule Rename AESCBC to CRYP_AES_CBC is applicable
2021-12-05 18:02:44,894 [INFO] Rule:220 - rule Rename AESCTR to CRYP_AES_CTR is applicable
2021-12-05 18:02:44,895 [INFO] Rule:220 - rule Rename AESGCM to CRYP_AES_GCM is applicable
2021-12-05 18:02:44,895 [INFO] Rule:220 - rule Rename AESCCM to CRYP_AES_CCM is applicable
2021-12-05 18:02:44,895 [INFO] Rule:220 - rule Rename CAN TimeSeg1 to BS1 is applicable
2021-12-05 18:02:44,895 [INFO] Rule:220 - rule Rename CAN TimeSeg2 to BS2 is applicable
2021-12-05 18:02:44,895 [INFO] Rule:220 - rule Rename CAN SyncJumpWidth to SJW is applicable
2021-12-05 18:02:44,895 [INFO] Rule:220 - rule TimeTriggeredMode to TTCM is applicable
2021-12-05 18:02:44,895 [INFO] Rule:220 - rule Rename CAN AutoBusOff to ABOM is applicable
2021-12-05 18:02:44,895 [INFO] Rule:220 - rule Rename CAN AutoWakeUp to AWUM is applicable
2021-12-05 18:02:44,895 [INFO] Rule:220 - rule Rename CAN AutoRetransmission to NART is applicable
2021-12-05 18:02:44,895 [INFO] Rule:220 - rule Rename CAN ReceiveFifoLocked to RFLM is applicable
2021-12-05 18:02:44,895 [INFO] Rule:220 - rule Rename CAN TransmitFifoPriority to TXFP is applicable
2021-12-05 18:02:44,895 [INFO] Rule:220 - rule Rename HRTIMER HRTIM_OUTPUTFAULTLEVEL_HIGH in HRTIMER HRTIM_OUTPUTFAULTLEVEL_HIGHZ is applicable
2021-12-05 18:02:44,895 [INFO] Rule:220 - rule Rename TIMER TIM_CLEARINPUTSOURCE_OCREFCLR in  TIMER TIM_CLEARINPUTSOURCE_NONE for F7 family is applicable
2021-12-05 18:02:44,895 [INFO] Rule:220 - rule FDCAN_R1 - Rename FDCAN mode Master into Classic is applicable
2021-12-05 18:02:44,896 [INFO] Rule:220 - rule FDCAN_R2 - Rename FDCAN mode Slave into Classic is applicable
2021-12-05 18:02:44,896 [INFO] Rule:220 - rule FDCAN1_R3 - if PA10.Mode=FullDuplex, add Pin PA12 is applicable
2021-12-05 18:02:44,896 [INFO] Rule:220 - rule FDCAN1_R3 - if PA9.Mode=FullDuplex, add Pin PA11 is applicable
2021-12-05 18:02:44,896 [INFO] Rule:220 - rule FDCAN1_R3 - Alternatepin_1 - if PE1.Mode=FullDuplex, add Pin PB9 is applicable
2021-12-05 18:02:44,896 [INFO] Rule:220 - rule FDCAN1_R3 - Alternatepin_1 - if PE0.Mode=FullDuplex, add Pin PB8 is applicable
2021-12-05 18:02:44,896 [INFO] Rule:220 - rule FDCAN1_R3 - Alternatepin_2 - if PD5.Mode=FullDuplex, add Pin PD1 is applicable
2021-12-05 18:02:44,896 [INFO] Rule:220 - rule FDCAN1_R3 - Alternatepin_2 - if PD4.Mode=FullDuplex, add Pin PD0 is applicable
2021-12-05 18:02:44,896 [INFO] Rule:220 - rule FDCAN1_R4 - Rename Mode FullDuplex into Enable FDCAN_TXFD for pin PA10 is applicable
2021-12-05 18:02:44,896 [INFO] Rule:220 - rule FDCAN1_R4 - Rename Mode FullDuplex into Enable FDCAN_TXFD for pin PA9 is applicable
2021-12-05 18:02:44,896 [INFO] Rule:220 - rule FDCAN1_R4 - Alternatepin_1 - Rename Mode FullDuplex into Enable FDCAN_TXFD for pin PE1 is applicable
2021-12-05 18:02:44,896 [INFO] Rule:220 - rule FDCAN1_R4 - Alternatepin_1 - Rename Mode FullDuplex into Enable FDCAN_TXFD for pin PE0 is applicable
2021-12-05 18:02:44,896 [INFO] Rule:220 - rule FDCAN1_R4 - Alternatepin_2 - Rename Mode FullDuplex into Enable FDCAN_TXFD for pin PD5 is applicable
2021-12-05 18:02:44,896 [INFO] Rule:220 - rule FDCAN1_R4 - Alternatepin_2 - Rename Mode FullDuplex into Enable FDCAN_TXFD for pin PD4 is applicable
2021-12-05 18:02:44,897 [INFO] Rule:220 - rule FDCAN2_R3 - if PD10.Mode=FullDuplex, add Pin PB13 is applicable
2021-12-05 18:02:44,897 [INFO] Rule:220 - rule FDCAN2_R3 - if PD9.Mode=FullDuplex, add Pin PB12 is applicable
2021-12-05 18:02:44,897 [INFO] Rule:220 - rule FDCAN2_R3 - Alternatepin_1 - if PB7.Mode=FullDuplex, add Pin PB6 is applicable
2021-12-05 18:02:44,897 [INFO] Rule:220 - rule FDCAN2_R3 - Alternatepin_1 - if PD9.Mode=FullDuplex, add Pin PB12 is applicable
2021-12-05 18:02:44,897 [INFO] Rule:220 - rule FDCAN2_R4 - Rename Mode FullDuplex into Enable FDCAN_TXFD for pin PD10 is applicable
2021-12-05 18:02:44,897 [INFO] Rule:220 - rule FDCAN2_R4 - Rename Mode FullDuplex into Enable FDCAN_TXFD for pin PD9 is applicable
2021-12-05 18:02:44,897 [INFO] Rule:220 - rule FDCAN2_R4 - Alternatepin_1 - Rename Mode FullDuplex into Enable FDCAN_TXFD for pin PB7 is applicable
2021-12-05 18:02:44,897 [INFO] Rule:220 - rule FDCAN2_R4 - Alternatepin_1 - Rename Mode FullDuplex into Enable FDCAN_TXFD for pin PD6 is applicable
2021-12-05 18:02:44,897 [INFO] Rule:220 - rule USART TxPinLevelInvertParam Mode is applicable
2021-12-05 18:02:44,897 [INFO] Rule:220 - rule USART RxPinLevelInvertParam Mode is applicable
2021-12-05 18:02:44,897 [INFO] Rule:220 - rule USART DataInvertParam Mode is applicable
2021-12-05 18:02:44,898 [INFO] Rule:220 - rule USART SwapParam Mode is applicable
2021-12-05 18:02:44,898 [INFO] Rule:220 - rule USART OverrunDisableParam Mode is applicable
2021-12-05 18:02:44,898 [INFO] Rule:220 - rule USART DMADisableonRxErrorParam Mode is applicable
2021-12-05 18:02:44,898 [INFO] Rule:220 - rule USART MSBFirstParam Mode is applicable
2021-12-05 18:02:44,898 [INFO] Rule:220 - rule Update MwName for USB_DEVICE is applicable
2021-12-05 18:02:44,898 [INFO] Rule:220 - rule Change PWR_Regulator_Voltage_Scale Default Value for RCC  H7 family is applicable
2021-12-05 18:02:44,898 [INFO] Rule:220 - rule UART/USART IPParameter rename Prescaler parameter to ClockPrescaler is applicable
2021-12-05 18:02:44,898 [INFO] Rule:220 - rule UART/USART Prescaler rename Prescaler parameter to ClockPrescaler is applicable
2021-12-05 18:02:44,898 [INFO] Rule:220 - rule TIM1CLockSelection is applicable
2021-12-05 18:02:44,898 [INFO] Rule:220 - rule TIM15CLockSelection is applicable
2021-12-05 18:02:44,898 [INFO] Rule:220 - rule align RCC SDMMC3CLockSelection default value on MP1 is applicable
2021-12-05 18:02:44,898 [INFO] Rule:220 - rule align RCC SDMMC12CLockSelection default value on MP1 is applicable
2021-12-05 18:02:44,899 [INFO] Rule:220 - rule align RCC QSPICLockSelection default value on MP1 is applicable
2021-12-05 18:02:44,899 [INFO] Rule:220 - rule align RCC QSPICLockSelection default value on MP1 is applicable
2021-12-05 18:02:44,899 [INFO] Rule:220 - rule align RCC SPI6CLockSelection default value on MP1 is applicable
2021-12-05 18:02:44,899 [INFO] Rule:220 - rule align RCC LPTIM23CLockSelection default value on MP1 is applicable
2021-12-05 18:02:44,899 [INFO] Rule:220 - rule align RCC LPTIM1CLockSelection default value on MP1 is applicable
2021-12-05 18:02:44,899 [INFO] Rule:220 - rule align RCC USART1CLockSelection default value on MP1 is applicable
2021-12-05 18:02:44,899 [INFO] Rule:220 - rule align RCC USART24CLockSelection default value on MP1 is applicable
2021-12-05 18:02:44,899 [INFO] Rule:220 - rule align RCC USART6CLockSelection default value on MP1 is applicable
2021-12-05 18:02:44,899 [INFO] Rule:220 - rule align RCC UART78CLockSelection default value on MP1 is applicable
2021-12-05 18:02:44,899 [INFO] Rule:220 - rule align RCC USART35CLockSelection default value on MP1 is applicable
2021-12-05 18:02:44,899 [INFO] Rule:220 - rule align RCC SPI45CLockSelection default value on MP1 is applicable
2021-12-05 18:02:44,899 [INFO] Rule:220 - rule align RCC I2C46CLockSelection BCLK value on MP1 is applicable
2021-12-05 18:02:44,899 [INFO] Rule:220 - rule align RCC SPI45CLockSelection default value on MP1 is applicable
2021-12-05 18:02:44,900 [INFO] Rule:220 - rule align RCC I2C12CLockSelection default value on MP1 is applicable
2021-12-05 18:02:44,900 [INFO] Rule:220 - rule align RCC I2C35CLockSelection default value on MP1 is applicable
2021-12-05 18:02:44,900 [INFO] Rule:220 - rule align RCC LPTIM45CLockSelection default value on MP1 is applicable
2021-12-05 18:02:44,900 [INFO] Rule:220 - rule Rename DCMI PIXCK signal is applicable
2021-12-05 18:02:44,900 [INFO] Rule:220 - rule Change Default Value for I2C46CLockSelection MP1 family is applicable
2021-12-05 18:02:44,900 [INFO] Rule:220 - rule Change Default Value for UART for G4, G0 and WB families is applicable
2021-12-05 18:02:44,900 [INFO] Rule:220 - rule Change Default Value for USART for G4, G0 and WB families is applicable
2021-12-05 18:02:44,900 [INFO] Rule:220 - rule Change Default Value for USART for G4 family is applicable
2021-12-05 18:02:44,900 [INFO] Rule:220 - rule Change USART1CLockSelection refparam name for MP1 is applicable
2021-12-05 18:02:44,900 [INFO] Rule:220 - rule Change USART2CLockSelection refparam name for MP1 is applicable
2021-12-05 18:02:44,900 [INFO] Rule:220 - rule Change USART3CLockSelection refparam name for MP1 is applicable
2021-12-05 18:02:44,900 [INFO] Rule:220 - rule Change UART4CLockSelection refparam name for MP1 is applicable
2021-12-05 18:02:44,900 [INFO] Rule:220 - rule Change UART5CLockSelection refparam name for MP1 is applicable
2021-12-05 18:02:44,900 [INFO] Rule:220 - rule Change LPUART1CLockSelection refparam name for MP1 is applicable
2021-12-05 18:02:44,901 [INFO] Rule:220 - rule Change LPTIM1CLockSelection refparam name for MP1 is applicable
2021-12-05 18:02:44,901 [INFO] Rule:220 - rule Change LPTIM2CLockSelection refparam name for MP1 is applicable
2021-12-05 18:02:44,901 [INFO] Rule:220 - rule Change RCC_MCO1Source refparam name for MP1 is applicable
2021-12-05 18:02:44,901 [INFO] Rule:220 - rule Change LSCOSource1 refparam name for MP1 is applicable
2021-12-05 18:02:44,901 [INFO] Rule:220 - rule Change SMPSCLockSelection refparam name for MP1 is applicable
2021-12-05 18:02:44,901 [INFO] Rule:220 - rule Change LPTIM3CLockSelection refparam name for MP1 is applicable
2021-12-05 18:02:44,901 [INFO] Rule:220 - rule Change MPCBB* Default Template Mode to Parameters is applicable
2021-12-05 18:02:44,901 [INFO] Rule:220 - rule Change MPCWM* or MPCBB* Secure Mode to Parameters is applicable
2021-12-05 18:02:44,901 [INFO] Rule:220 - rule Change MPCWM* or MPCBB* No Secure Mode to Parameters is applicable
2021-12-05 18:02:44,901 [INFO] Rule:220 - rule Change TZSC IP Secure Mode to Parameters is applicable
2021-12-05 18:02:44,901 [INFO] Rule:220 - rule Change TZSC IP No Secure Mode to Parameters is applicable
2021-12-05 18:02:44,901 [INFO] Rule:220 - rule Change TZSC IP Privilege Mode to Parameters is applicable
2021-12-05 18:02:44,901 [INFO] Rule:220 - rule Change TZSC IP No Privilege Mode to Parameters is applicable
2021-12-05 18:02:44,901 [INFO] Rule:220 - rule Change TZIC IT Secure Mode to Parameters is applicable
2021-12-05 18:02:44,901 [INFO] Rule:220 - rule Change TZIC IT No Secure Mode to Parameters is applicable
2021-12-05 18:02:44,902 [INFO] Rule:220 - rule Add MPCBB1_NonSecureArea_Start_Address value with referenced to MPCBB1_NonSecureArea_Start value is applicable
2021-12-05 18:02:44,902 [INFO] Rule:220 - rule Add MPCBB2_NonSecureArea_Start_Address value with referenced to MPCBB2_NonSecureArea_Start value is applicable
2021-12-05 18:02:44,902 [INFO] Rule:220 - rule Add MPCWM1_NonSecureArea*_Start_Address value with referenced to MPCWM1_NonSecureArea*_Start value is applicable
2021-12-05 18:02:44,902 [INFO] Rule:220 - rule Add MPCWM2_NonSecureArea*_Start_Address value with referenced to MPCWM2_NonSecureArea*_Start value is applicable
2021-12-05 18:02:44,902 [INFO] Rule:220 - rule Add MPCWM3_NonSecureArea_Start_Address value with referenced to MPCWM3_NonSecureArea_Start value is applicable
2021-12-05 18:02:44,902 [INFO] Rule:220 - rule Change Default Value for PLL1UserDefinedConfig is applicable
2021-12-05 18:02:44,902 [INFO] Rule:220 - rule Change GPIO_PuPd Default Value for USART in async mode is applicable
2021-12-05 18:02:44,902 [INFO] Rule:220 - rule Change SMPSDivider Default Value is applicable
2021-12-05 18:02:44,902 [INFO] Rule:220 - rule OPAMP is applicable
2021-12-05 18:02:44,902 [INFO] Rule:220 - rule LPUART IPParameter rename Prescaler parameter to ClockPrescaler for STM32H7 is applicable
2021-12-05 18:02:44,902 [INFO] Rule:220 - rule LPUART IPParameter rename Prescaler parameter to ClockPrescaler for STM32H7 is applicable
2021-12-05 18:02:44,903 [INFO] Rule:220 - rule LPUART IPParameter rename Prescaler parameter to ClockPrescaler for STM32WB is applicable
2021-12-05 18:02:44,903 [INFO] Rule:220 - rule LPUART IPParameter rename Prescaler parameter to ClockPrescaler for STM32WB is applicable
2021-12-05 18:02:44,903 [INFO] Rule:220 - rule LPUART IPParameter rename Prescaler parameter to ClockPrescaler for STM32G4 is applicable
2021-12-05 18:02:44,903 [INFO] Rule:220 - rule LPUART IPParameter rename Prescaler parameter to ClockPrescaler for STM32G4 is applicable
2021-12-05 18:02:44,903 [INFO] Rule:220 - rule LPUART IPParameter rename Prescaler parameter to ClockPrescaler for STM32L5 is applicable
2021-12-05 18:02:44,903 [INFO] Rule:220 - rule LPUART IPParameter rename Prescaler parameter to ClockPrescaler for STM32G4 is applicable
2021-12-05 18:02:44,903 [INFO] Rule:220 - rule LPUART IPParameter rename Prescaler parameter to ClockPrescaler for STM32G4 is applicable
2021-12-05 18:02:44,903 [INFO] Rule:220 - rule USB device lib V2.5.3 for L0 rename USBD_SUPPORT_USER_STRING parameter to USBD_SUPPORT_USER_STRING_DESC4 is applicable
2021-12-05 18:02:44,903 [INFO] Rule:220 - rule I2SCLockSelection clock entry align is applicable
2021-12-05 18:02:44,903 [INFO] Rule:220 - rule Assign TIMx context if used as SYS timebase is applicable
2021-12-05 18:02:44,903 [INFO] Rule:220 - rule Change GPIO_Pu Default Value for I2C is applicable
2021-12-05 18:02:44,903 [INFO] Rule:220 - rule Change GPIO_Pu Default Value for SMBus is applicable
2021-12-05 18:02:44,941 [INFO] DbConfProperties:300 - Apply Compatibility (49/207 Rules)
2021-12-05 18:02:44,966 [INFO] ImportTextPane:167 - (OptionalMessage_ERROR) Unable to find key (Mcu.ThirdPartyNb) in loaded IOC file
2021-12-05 18:02:45,048 [INFO] RtosManager:484 - Registered RTOS mode: class=CMSIS, group=RTOS, mode=CMSIS_V1, owner=FREERTOS
2021-12-05 18:02:45,048 [INFO] RtosManager:484 - Registered RTOS mode: class=CMSIS, group=RTOS2, mode=CMSIS_V2, owner=FREERTOS
2021-12-05 18:02:45,048 [INFO] RtosManager:484 - Registered RTOS mode: class=RTOS, group=Core, mode=CMSIS_V1, owner=FREERTOS
2021-12-05 18:02:45,048 [INFO] RtosManager:484 - Registered RTOS mode: class=RTOS, group=Core, mode=CMSIS_V2, owner=FREERTOS
2021-12-05 18:02:45,049 [WARN] ModelIntegratedComponent:181 - Missing modes for component STMicroelectronics:FreeRTOS:0.0.1:STMicroelectronics:RTOS:FreeRTOS:Core:::10.2.0:
2021-12-05 18:02:45,052 [WARN] ModelIntegratedComponent:60 - No mode defined for component null
2021-12-05 18:02:45,052 [WARN] ModelIntegratedComponent:60 - No mode defined for component null
2021-12-05 18:02:45,052 [WARN] ModelIntegratedComponent:60 - No mode defined for component null
2021-12-05 18:02:45,052 [WARN] ModelIntegratedComponent:60 - No mode defined for component null
2021-12-05 18:02:45,053 [WARN] ModelIntegratedComponent:60 - No mode defined for component null
2021-12-05 18:02:45,053 [WARN] ModelIntegratedComponent:60 - No mode defined for component null
2021-12-05 18:02:45,053 [WARN] ModelIntegratedComponent:60 - No mode defined for component null
2021-12-05 18:02:45,053 [WARN] ModelIntegratedComponent:60 - No mode defined for component null
2021-12-05 18:02:45,054 [WARN] ModelIntegratedComponent:60 - No mode defined for component null
2021-12-05 18:02:45,054 [WARN] ModelIntegratedComponent:60 - No mode defined for component null
2021-12-05 18:02:45,054 [WARN] ModelIntegratedComponent:60 - No mode defined for component null
2021-12-05 18:02:45,054 [WARN] ModelIntegratedComponent:60 - No mode defined for component null
2021-12-05 18:02:45,054 [WARN] ModelIntegratedComponent:60 - No mode defined for component null
2021-12-05 18:02:45,054 [WARN] ModelIntegratedComponent:60 - No mode defined for component null
2021-12-05 18:02:45,054 [WARN] ModelIntegratedComponent:60 - No mode defined for component null
2021-12-05 18:02:45,054 [WARN] ModelIntegratedComponent:60 - No mode defined for component null
2021-12-05 18:02:45,054 [WARN] ModelIntegratedComponent:60 - No mode defined for component null
2021-12-05 18:02:45,055 [WARN] ModelIntegratedComponent:60 - No mode defined for component null
2021-12-05 18:02:45,055 [WARN] ModelIntegratedComponent:60 - No mode defined for component null
2021-12-05 18:02:45,055 [WARN] ModelIntegratedComponent:60 - No mode defined for component null
2021-12-05 18:02:45,055 [WARN] ModelIntegratedComponent:60 - No mode defined for component null
2021-12-05 18:02:45,055 [WARN] ModelIntegratedComponent:60 - No mode defined for component null
2021-12-05 18:02:45,055 [WARN] ModelIntegratedComponent:60 - No mode defined for component null
2021-12-05 18:02:45,055 [WARN] ModelIntegratedComponent:60 - No mode defined for component null
2021-12-05 18:02:45,055 [WARN] ModelIntegratedComponent:60 - No mode defined for component null
2021-12-05 18:02:45,055 [WARN] ModelIntegratedComponent:60 - No mode defined for component null
2021-12-05 18:02:45,055 [WARN] ModelIntegratedComponent:60 - No mode defined for component null
2021-12-05 18:02:45,055 [WARN] ModelIntegratedComponent:60 - No mode defined for component null
2021-12-05 18:02:45,056 [WARN] ModelIntegratedComponent:60 - No mode defined for component null
2021-12-05 18:02:45,056 [WARN] ModelIntegratedComponent:60 - No mode defined for component null
2021-12-05 18:02:45,056 [WARN] ModelIntegratedComponent:60 - No mode defined for component null
2021-12-05 18:02:45,059 [WARN] ApiManager:304 - Cannot register API 'Wireless:BlueNRG-MS' from pack STMicroelectronics.X-CUBE-BLE1.6.2.2: no header file found
2021-12-05 18:02:45,268 [WARN] ApiManager:304 - Cannot register API 'Board Extension:IKS01A3' from pack STMicroelectronics.X-CUBE-MEMS1.9.1.0: no header file found
2021-12-05 18:02:45,268 [WARN] ApiManager:304 - Cannot register API 'Board Extension:IKS01A2' from pack STMicroelectronics.X-CUBE-MEMS1.9.1.0: no header file found
2021-12-05 18:02:45,268 [WARN] ApiManager:304 - Cannot register API 'Board Extension:IKS02A1' from pack STMicroelectronics.X-CUBE-MEMS1.9.1.0: no header file found
2021-12-05 18:02:45,573 [INFO] ImportTextPane:167 - (OptionalMessage_ERROR) IP (RCC) : Parameter (RTCHSEDivFreq_Value) has invalid value (4000000)
2021-12-05 18:02:45,875 [INFO] UtilMem:74 - End LoadConfig() Used Memory: 597877200 Bytes (747634688)
2021-12-05 18:02:45,878 [WARN] ThirdParty:779 - waiting for thirdparty lock release [change project]
2021-12-05 18:02:45,878 [INFO] ThirdParty:781 - entering critical section [change project]
2021-12-05 18:02:45,878 [INFO] ThirdParty:967 - CMSIS Pack Vendor :STMicroelectronics USB_HOST 2.0.0
2021-12-05 18:02:45,878 [INFO] ThirdParty:967 - CMSIS Pack Vendor :STMicroelectronics X-CUBE-AZRTOS-G4 1.0.0
2021-12-05 18:02:45,878 [INFO] ThirdParty:967 - CMSIS Pack Vendor :STMicroelectronics X-CUBE-AZRTOS-L5 1.0.0
2021-12-05 18:02:45,878 [INFO] ThirdParty:967 - CMSIS Pack Vendor :STMicroelectronics FreeRTOS 0.0.1
2021-12-05 18:02:45,878 [INFO] ThirdParty:967 - CMSIS Pack Vendor :STMicroelectronics USB_DEVICE 1.0.0
2021-12-05 18:02:45,878 [INFO] ThirdParty:967 - CMSIS Pack Vendor :STMicroelectronics USB_DEVICE 3.0.0
2021-12-05 18:02:45,878 [INFO] ThirdParty:967 - CMSIS Pack Vendor :STMicroelectronics HAL Drivers 0.0.0
2021-12-05 18:02:45,878 [INFO] ThirdParty:967 - CMSIS Pack Vendor :STMicroelectronics MBEDTLS 2.16.2
2021-12-05 18:02:45,878 [INFO] ThirdParty:967 - CMSIS Pack Vendor :STMicroelectronics ThreadX 0.0.2
2021-12-05 18:02:45,878 [INFO] ThirdParty:967 - CMSIS Pack Vendor :STMicroelectronics lwIP 2.0.3
2021-12-05 18:02:45,879 [INFO] ThirdParty:967 - CMSIS Pack Vendor :STMicroelectronics lwIP 2.1.2
2021-12-05 18:02:45,879 [INFO] ThirdParty:967 - CMSIS Pack Vendor :STMicroelectronics MBEDTLS 2.14.1
2021-12-05 18:02:45,879 [INFO] ThirdParty:967 - CMSIS Pack Vendor :STMicroelectronics X-CUBE-BLE1 6.2.2
2021-12-05 18:02:45,879 [INFO] ThirdParty:967 - CMSIS Pack Vendor :STMicroelectronics X-CUBE-AZRTOS-F7 1.0.0
2021-12-05 18:02:45,879 [INFO] ThirdParty:967 - CMSIS Pack Vendor :STMicroelectronics X-CUBE-DISPLAY 2.0.0
2021-12-05 18:02:45,879 [INFO] ThirdParty:967 - CMSIS Pack Vendor :STMicroelectronics USB_HOST 1.0.0
2021-12-05 18:02:45,879 [INFO] ThirdParty:967 - CMSIS Pack Vendor :STMicroelectronics X-CUBE-MEMS1 9.1.0
2021-12-05 18:02:45,879 [INFO] ThirdParty:967 - CMSIS Pack Vendor :STMicroelectronics PDM2PCM 3.1.0
2021-12-05 18:02:45,879 [INFO] ThirdParty:967 - CMSIS Pack Vendor :STMicroelectronics PDM2PCM 3.2.0
2021-12-05 18:02:45,879 [INFO] ThirdParty:967 - CMSIS Pack Vendor :STMicroelectronics USB_DEVICE 2.0.0
2021-12-05 18:02:45,879 [INFO] ThirdParty:967 - CMSIS Pack Vendor :STMicroelectronics PDM2PCM 3.3.0
2021-12-05 18:02:45,879 [INFO] ThirdParty:967 - CMSIS Pack Vendor :STMicroelectronics X-CUBE-TOUCHGFX 4.18.0
2021-12-05 18:02:45,879 [INFO] ThirdParty:787 - exiting critical section [change project]
2021-12-05 18:02:46,279 [INFO] PinOutPanel:1463 - setPackage(No Configuration,No Configuration)
2021-12-05 18:02:46,281 [INFO] PinOutPanel:1463 - setPackage(STM32F407VGTx,LQFP100)
2021-12-05 18:02:46,795 [INFO] UtilMem:74 - Before build in PCC Used Memory: 538984448 Bytes (747634688)
2021-12-05 18:02:47,437 [INFO] UtilMem:74 - After build in PCC Used Memory: 623392768 Bytes (747634688)
2021-12-05 18:02:47,535 [INFO] ApiDbMcu:468 - Load IP Config File for USB_HOST
2021-12-05 18:02:47,536 [WARN] BspModel:440 - BSP dependency skipped because of component: name='IOExpander', api='Unknown'
2021-12-05 18:02:47,575 [INFO] IPUIPlugin:74 - create IPUIPlugin
2021-12-05 18:02:47,575 [INFO] IPUIPlugin:74 - create IPUIPlugin
2021-12-05 18:02:47,575 [INFO] IPUIPlugin:74 - create IPUIPlugin
2021-12-05 18:02:47,575 [INFO] IPUIPlugin:74 - create IPUIPlugin
2021-12-05 18:02:47,576 [INFO] IPUIPlugin:74 - create IPUIPlugin
2021-12-05 18:02:47,576 [INFO] IPUIPlugin:74 - create IPUIPlugin
2021-12-05 18:02:47,576 [INFO] IPUIPlugin:74 - create IPUIPlugin
2021-12-05 18:02:47,576 [INFO] IPUIPlugin:74 - create IPUIPlugin
2021-12-05 18:02:47,576 [INFO] IPUIPlugin:74 - create IPUIPlugin
2021-12-05 18:02:47,589 [INFO] IPUIPlugin:74 - create IPUIPlugin
2021-12-05 18:02:47,589 [INFO] IPUIPlugin:74 - create IPUIPlugin
2021-12-05 18:02:47,590 [INFO] IPUIPlugin:74 - create IPUIPlugin
2021-12-05 18:02:47,590 [INFO] IPUIPlugin:74 - create IPUIPlugin
2021-12-05 18:02:47,590 [INFO] IPUIPlugin:74 - create IPUIPlugin
2021-12-05 18:02:47,590 [INFO] IPUIPlugin:74 - create IPUIPlugin
2021-12-05 18:02:47,590 [INFO] IPUIPlugin:74 - create IPUIPlugin
2021-12-05 18:02:47,590 [INFO] IPUIPlugin:74 - create IPUIPlugin
2021-12-05 18:02:47,591 [INFO] IPUIPlugin:74 - create IPUIPlugin
2021-12-05 18:02:47,591 [INFO] IPUIPlugin:74 - create IPUIPlugin
2021-12-05 18:02:47,591 [INFO] IPUIPlugin:74 - create IPUIPlugin
2021-12-05 18:02:47,591 [INFO] IPUIPlugin:74 - create IPUIPlugin
2021-12-05 18:02:47,592 [INFO] IPUIPlugin:74 - create IPUIPlugin
2021-12-05 18:02:47,592 [INFO] IPUIPlugin:74 - create IPUIPlugin
2021-12-05 18:02:47,592 [INFO] IPUIPlugin:74 - create IPUIPlugin
2021-12-05 18:02:47,593 [INFO] IPUIPlugin:74 - create IPUIPlugin
2021-12-05 18:02:47,593 [INFO] IPUIPlugin:74 - create IPUIPlugin
2021-12-05 18:02:47,593 [INFO] IPUIPlugin:74 - create IPUIPlugin
2021-12-05 18:02:47,594 [INFO] IPUIPlugin:74 - create IPUIPlugin
2021-12-05 18:02:47,594 [INFO] IPUIPlugin:74 - create IPUIPlugin
2021-12-05 18:02:47,595 [INFO] IPUIPlugin:74 - create IPUIPlugin
2021-12-05 18:02:47,595 [INFO] IPUIPlugin:74 - create IPUIPlugin
2021-12-05 18:02:47,595 [INFO] IPUIPlugin:74 - create IPUIPlugin
2021-12-05 18:02:47,596 [INFO] IPUIPlugin:74 - create IPUIPlugin
2021-12-05 18:02:47,596 [INFO] IPUIPlugin:74 - create IPUIPlugin
2021-12-05 18:02:47,597 [INFO] IPUIPlugin:74 - create IPUIPlugin
2021-12-05 18:02:47,597 [INFO] IPUIPlugin:74 - create IPUIPlugin
2021-12-05 18:02:47,598 [INFO] IPUIPlugin:74 - create IPUIPlugin
2021-12-05 18:02:47,598 [INFO] IPUIPlugin:74 - create IPUIPlugin
2021-12-05 18:02:47,598 [INFO] IPUIPlugin:74 - create IPUIPlugin
2021-12-05 18:02:47,599 [INFO] IPUIPlugin:74 - create IPUIPlugin
2021-12-05 18:02:47,599 [INFO] IPUIPlugin:74 - create IPUIPlugin
2021-12-05 18:02:47,600 [INFO] IPUIPlugin:74 - create IPUIPlugin
2021-12-05 18:02:47,600 [INFO] IPUIPlugin:74 - create IPUIPlugin
2021-12-05 18:02:47,601 [INFO] IPUIPlugin:74 - create IPUIPlugin
2021-12-05 18:02:47,601 [INFO] IPUIPlugin:74 - create IPUIPlugin
2021-12-05 18:02:47,602 [INFO] IPUIPlugin:74 - create IPUIPlugin
2021-12-05 18:02:47,602 [INFO] IPUIPlugin:74 - create IPUIPlugin
2021-12-05 18:02:47,603 [INFO] IPUIPlugin:74 - create IPUIPlugin
2021-12-05 18:02:47,603 [INFO] IPUIPlugin:74 - create IPUIPlugin
2021-12-05 18:02:47,604 [INFO] IPUIPlugin:74 - create IPUIPlugin
2021-12-05 18:02:47,604 [INFO] IPUIPlugin:74 - create IPUIPlugin
2021-12-05 18:02:47,605 [INFO] IPUIPlugin:74 - create IPUIPlugin
2021-12-05 18:02:47,606 [INFO] IPUIPlugin:74 - create IPUIPlugin
2021-12-05 18:02:47,607 [INFO] IPUIPlugin:74 - create IPUIPlugin
2021-12-05 18:02:47,608 [INFO] IPUIPlugin:74 - create IPUIPlugin
2021-12-05 18:02:47,609 [INFO] IPUIPlugin:74 - create IPUIPlugin
2021-12-05 18:02:47,610 [INFO] IPUIPlugin:74 - create IPUIPlugin
2021-12-05 18:02:47,610 [INFO] IPUIPlugin:74 - create IPUIPlugin
2021-12-05 18:02:47,624 [INFO] ApiDbMcu:468 - Load IP Config File for PDM2PCM
2021-12-05 18:02:47,633 [WARN] IP:2125 - I2C_Coeff_DF not found: check if there is a RefParameter without a condition.
2021-12-05 18:02:47,633 [WARN] IP:2125 - Analog_Filter not found: check if there is a RefParameter without a condition.
2021-12-05 18:02:47,641 [INFO] I2sManager:626 - 9.6E7
2021-12-05 18:02:47,641 [INFO] I2sManager:179 - I2S Clock Value : 9.6E7
2021-12-05 18:02:47,641 [INFO] I2sManager:520 - AudioClock : 93750Divider : 2Odd : 0
2021-12-05 18:02:47,775 [INFO] OpenFileManager:333 - Restore cursor
2021-12-05 18:02:47,854 [WARN] IP:2125 - I2C_Coeff_DF not found: check if there is a RefParameter without a condition.
2021-12-05 18:02:47,854 [WARN] IP:2125 - Analog_Filter not found: check if there is a RefParameter without a condition.
2021-12-05 18:02:47,855 [WARN] IP:2125 - I2C_Coeff_DF not found: check if there is a RefParameter without a condition.
2021-12-05 18:02:47,855 [WARN] IP:2125 - Analog_Filter not found: check if there is a RefParameter without a condition.
2021-12-05 18:02:48,240 [INFO] UtilMem:74 - End SaveConfig() Used Memory: 615010816 Bytes (747634688)
2021-12-05 18:02:48,367 [INFO] UtilMem:74 - End SaveConfig() Used Memory: 640698880 Bytes (747634688)
2021-12-05 18:02:48,740 [INFO] BlockDiagram:2740 - set Specific Code input for plugin: SPI
2021-12-05 18:02:48,740 [INFO] BlockDiagram:2740 - set Specific Code input for plugin: I2S
2021-12-05 18:02:48,740 [INFO] BlockDiagram:2740 - set Specific Code input for plugin: SYS
2021-12-05 18:02:48,740 [INFO] BlockDiagram:2740 - set Specific Code input for plugin: RCC
2021-12-05 18:02:48,740 [INFO] BlockDiagram:2740 - set Specific Code input for plugin: I2C
2021-12-05 18:02:48,740 [INFO] BlockDiagram:2740 - set Specific Code input for plugin: USB_OTG_FS
2021-12-05 18:02:48,741 [INFO] BlockDiagram:2740 - set Specific Code input for plugin: NVIC
2021-12-05 18:02:48,741 [INFO] BlockDiagram:2740 - set Specific Code input for plugin: USB_HOST
2021-12-05 18:02:48,741 [INFO] BlockDiagram:2740 - set Specific Code input for plugin: GPIO
2021-12-05 18:02:48,742 [INFO] CodeGenerator:663 - code generatio: config db path: C:\ST\STM32CubeIDE_1.7.0\STM32CubeIDE\plugins\com.st.stm32cube.common.mx_6.3.0.202107141111\\db\
2021-12-05 18:02:48,755 [WARN] IP:2125 - I2C_Coeff_DF not found: check if there is a RefParameter without a condition.
2021-12-05 18:02:48,755 [WARN] IP:2125 - Analog_Filter not found: check if there is a RefParameter without a condition.
2021-12-05 18:02:49,533 [INFO] CodeEngine:239 - oldGeneratedFile, D:\GitHub\DSP-Architecture-Lab\DAC\CubeIDE-ver\DAC-configuration\MXTmpFiles\license.tmp_save
2021-12-05 18:02:49,896 [INFO] CodeEngine:257 - Generated code: D:\GitHub\DSP-Architecture-Lab\DAC\CubeIDE-ver\DAC-configuration\MXTmpFiles\license.tmp
2021-12-05 18:02:50,009 [INFO] CodeEngine:239 - oldGeneratedFile, D:\GitHub\DSP-Architecture-Lab\DAC\CubeIDE-ver\DAC-configuration\MXTmpFiles\gpio.tmp_save
2021-12-05 18:02:50,111 [INFO] CodeEngine:257 - Generated code: D:\GitHub\DSP-Architecture-Lab\DAC\CubeIDE-ver\DAC-configuration\MXTmpFiles\gpio.tmp
2021-12-05 18:02:50,279 [WARN] IPConfigManager:2738 - Warning: the RefConfig PWREx_EnableUSBVoltageDetector is not available in your config.xml file
2021-12-05 18:02:50,292 [INFO] CodeEngine:239 - oldGeneratedFile, D:\GitHub\DSP-Architecture-Lab\DAC\CubeIDE-ver\DAC-configuration\MXTmpFiles\usb_otg_fs_vars.tmp_save
2021-12-05 18:02:50,360 [INFO] CodeEngine:257 - Generated code: D:\GitHub\DSP-Architecture-Lab\DAC\CubeIDE-ver\DAC-configuration\MXTmpFiles\usb_otg_fs_vars.tmp
2021-12-05 18:02:50,367 [INFO] CodeEngine:239 - oldGeneratedFile, D:\GitHub\DSP-Architecture-Lab\DAC\CubeIDE-ver\DAC-configuration\MXTmpFiles\usb_otg_fs_inc.tmp_save
2021-12-05 18:02:50,424 [INFO] CodeEngine:257 - Generated code: D:\GitHub\DSP-Architecture-Lab\DAC\CubeIDE-ver\DAC-configuration\MXTmpFiles\usb_otg_fs_inc.tmp
2021-12-05 18:02:50,446 [INFO] CodeEngine:239 - oldGeneratedFile, D:\GitHub\DSP-Architecture-Lab\DAC\CubeIDE-ver\DAC-configuration\MXTmpFiles\usb_otg_fs_HalInit.tmp_save
2021-12-05 18:02:50,545 [INFO] CodeEngine:257 - Generated code: D:\GitHub\DSP-Architecture-Lab\DAC\CubeIDE-ver\DAC-configuration\MXTmpFiles\usb_otg_fs_HalInit.tmp
2021-12-05 18:02:50,561 [INFO] CodeEngine:239 - oldGeneratedFile, D:\GitHub\DSP-Architecture-Lab\DAC\CubeIDE-ver\DAC-configuration\MXTmpFiles\usb_otg_fs_Msp.tmp_save
2021-12-05 18:02:50,665 [INFO] CodeEngine:257 - Generated code: D:\GitHub\DSP-Architecture-Lab\DAC\CubeIDE-ver\DAC-configuration\MXTmpFiles\usb_otg_fs_Msp.tmp
2021-12-05 18:02:51,103 [INFO] CodeEngine:239 - oldGeneratedFile, D:\GitHub\DSP-Architecture-Lab\DAC\CubeIDE-ver\DAC-configuration\USB_HOST\App\usb_host.c_save
2021-12-05 18:02:51,186 [INFO] CodeEngine:257 - Generated code: D:\GitHub\DSP-Architecture-Lab\DAC\CubeIDE-ver\DAC-configuration\USB_HOST\App\usb_host.c
2021-12-05 18:02:51,202 [INFO] CodeEngine:239 - oldGeneratedFile, D:\GitHub\DSP-Architecture-Lab\DAC\CubeIDE-ver\DAC-configuration\USB_HOST\App\usb_host.h_save
2021-12-05 18:02:51,289 [INFO] CodeEngine:257 - Generated code: D:\GitHub\DSP-Architecture-Lab\DAC\CubeIDE-ver\DAC-configuration\USB_HOST\App\usb_host.h
2021-12-05 18:02:51,305 [INFO] CodeEngine:239 - oldGeneratedFile, D:\GitHub\DSP-Architecture-Lab\DAC\CubeIDE-ver\DAC-configuration\USB_HOST\Target\usbh_conf.h_save
2021-12-05 18:02:51,376 [INFO] CodeEngine:257 - Generated code: D:\GitHub\DSP-Architecture-Lab\DAC\CubeIDE-ver\DAC-configuration\USB_HOST\Target\usbh_conf.h
2021-12-05 18:02:51,391 [INFO] CodeEngine:239 - oldGeneratedFile, D:\GitHub\DSP-Architecture-Lab\DAC\CubeIDE-ver\DAC-configuration\USB_HOST\Target\usbh_conf.c_save
2021-12-05 18:02:51,462 [INFO] CodeEngine:257 - Generated code: D:\GitHub\DSP-Architecture-Lab\DAC\CubeIDE-ver\DAC-configuration\USB_HOST\Target\usbh_conf.c
2021-12-05 18:02:51,476 [INFO] CodeEngine:239 - oldGeneratedFile, D:\GitHub\DSP-Architecture-Lab\DAC\CubeIDE-ver\DAC-configuration\USB_HOST\Target\usbh_platform.c_save
2021-12-05 18:02:51,537 [INFO] CodeEngine:257 - Generated code: D:\GitHub\DSP-Architecture-Lab\DAC\CubeIDE-ver\DAC-configuration\USB_HOST\Target\usbh_platform.c
2021-12-05 18:02:51,551 [INFO] CodeEngine:239 - oldGeneratedFile, D:\GitHub\DSP-Architecture-Lab\DAC\CubeIDE-ver\DAC-configuration\USB_HOST\Target\usbh_platform.h_save
2021-12-05 18:02:51,606 [INFO] CodeEngine:257 - Generated code: D:\GitHub\DSP-Architecture-Lab\DAC\CubeIDE-ver\DAC-configuration\USB_HOST\Target\usbh_platform.h
2021-12-05 18:02:51,626 [INFO] CodeEngine:239 - oldGeneratedFile, D:\GitHub\DSP-Architecture-Lab\DAC\CubeIDE-ver\DAC-configuration\Core\Src\stm32f4xx_it.c_save
2021-12-05 18:02:51,714 [INFO] CodeEngine:257 - Generated code: D:\GitHub\DSP-Architecture-Lab\DAC\CubeIDE-ver\DAC-configuration\Core\Src\stm32f4xx_it.c
2021-12-05 18:02:51,723 [INFO] CodeEngine:239 - oldGeneratedFile, D:\GitHub\DSP-Architecture-Lab\DAC\CubeIDE-ver\DAC-configuration\Core\Inc\stm32f4xx_it.h_save
2021-12-05 18:02:51,803 [INFO] CodeEngine:257 - Generated code: D:\GitHub\DSP-Architecture-Lab\DAC\CubeIDE-ver\DAC-configuration\Core\Inc\stm32f4xx_it.h
2021-12-05 18:02:51,822 [INFO] CodeEngine:239 - oldGeneratedFile, D:\GitHub\DSP-Architecture-Lab\DAC\CubeIDE-ver\DAC-configuration\Core\Src\stm32f4xx_hal_msp.c_save
2021-12-05 18:02:51,930 [INFO] CodeEngine:257 - Generated code: D:\GitHub\DSP-Architecture-Lab\DAC\CubeIDE-ver\DAC-configuration\Core\Src\stm32f4xx_hal_msp.c
2021-12-05 18:02:51,939 [INFO] CodeEngine:239 - oldGeneratedFile, D:\GitHub\DSP-Architecture-Lab\DAC\CubeIDE-ver\DAC-configuration\MXTmpFiles\system.tmp_save
2021-12-05 18:02:52,000 [INFO] CodeEngine:257 - Generated code: D:\GitHub\DSP-Architecture-Lab\DAC\CubeIDE-ver\DAC-configuration\MXTmpFiles\system.tmp
2021-12-05 18:02:52,012 [INFO] CodeEngine:239 - oldGeneratedFile, D:\GitHub\DSP-Architecture-Lab\DAC\CubeIDE-ver\DAC-configuration\Core\Inc\stm32f4xx_hal_conf.h_save
2021-12-05 18:02:52,096 [INFO] CodeEngine:257 - Generated code: D:\GitHub\DSP-Architecture-Lab\DAC\CubeIDE-ver\DAC-configuration\Core\Inc\stm32f4xx_hal_conf.h
2021-12-05 18:02:52,160 [INFO] CodeEngine:239 - oldGeneratedFile, D:\GitHub\DSP-Architecture-Lab\DAC\CubeIDE-ver\DAC-configuration\Core\Inc\main.h_save
2021-12-05 18:02:52,248 [INFO] CodeEngine:257 - Generated code: D:\GitHub\DSP-Architecture-Lab\DAC\CubeIDE-ver\DAC-configuration\Core\Inc\main.h
2021-12-05 18:02:52,255 [INFO] CodeEngine:239 - oldGeneratedFile, D:\GitHub\DSP-Architecture-Lab\DAC\CubeIDE-ver\DAC-configuration\Core\Src\main.c_save
2021-12-05 18:02:52,388 [INFO] CodeEngine:257 - Generated code: D:\GitHub\DSP-Architecture-Lab\DAC\CubeIDE-ver\DAC-configuration\Core\Src\main.c
2021-12-05 18:02:53,613 [INFO] ProjectBuilder:2578 - Time for Copy HAL[1] : 445mS.
2021-12-05 18:02:53,624 [INFO] ProjectBuilder:3622 - Project Generator version: 3.14.1
2021-12-05 18:02:54,109 [INFO] ConfigFileManager:1271 - The Die is : DIE413
2021-12-05 18:02:54,171 [INFO] ApiDbMcu:468 - Load IP Config File for FATFS
2021-12-05 18:02:54,209 [INFO] ApiDbMcu:468 - Load IP Config File for FREERTOS
2021-12-05 18:02:54,216 [INFO] ApiDbMcu:468 - Load IP Config File for LIBJPEG
2021-12-05 18:02:54,294 [INFO] ApiDbMcu:468 - Load IP Config File for LWIP
2021-12-05 18:02:54,347 [INFO] ApiDbMcu:468 - Load IP Config File for MBEDTLS
2021-12-05 18:02:54,393 [INFO] ApiDbMcu:468 - Load IP Config File for USB_DEVICE
2021-12-05 18:03:00,574 [INFO] ProjectBuilder:3789 - Time for Generating toolchain IDE Files: 6950mS.
2021-12-05 18:03:00,575 [INFO] ProjectBuilder:2457 - Time for Copy CMSIS : 0mS.
2021-12-05 18:03:00,578 [INFO] ProjectBuilder:2457 - Time for Copy CMSIS : 0mS.
2021-12-05 18:03:01,180 [INFO] McuFinderGlobals:52 - Set McuFinderConnectedMode to true
2021-12-05 18:03:01,185 [INFO] ApiDb:276 - Save user favorites file C:\Users\ckali/.stm32cubeide/favorites.mcus.txt: 0 item(s)
2021-12-05 18:03:01,186 [INFO] ApiDb:280 - User favorites MCUs=[]
2021-12-05 18:03:01,188 [INFO] ApiDb:276 - Save user favorites file C:\Users\ckali/.stm32cubeide/favorites.boards.txt: 1 item(s)
2021-12-05 18:03:01,188 [INFO] ApiDb:280 - User favorites Boards=[STM32F407G-DISC1]
